[Sat Apr 15 21:20:25 2023] PHP 8.1.2-1ubuntu2.11 Development Server (http://localhost:4000) started
[Sat Apr 15 21:20:25 2023] Failed to listen on localhost:4000 (reason: Address already in use)
[Sat Apr 15 21:33:02 2023] PHP 8.1.2-1ubuntu2.11 Development Server (http://localhost:4000) started
[Sat Apr 15 21:33:02 2023] Failed to listen on localhost:4000 (reason: Address already in use)
[Sat Apr 15 21:37:05 2023] PHP 8.1.2-1ubuntu2.11 Development Server (http://localhost:4000) started
[Sat Apr 15 21:37:05 2023] Failed to listen on localhost:4000 (reason: Address already in use)
[Sat Apr 15 21:37:13 2023] 127.0.0.1:39272 Accepted
[Sat Apr 15 21:37:13 2023] 127.0.0.1:39272 [200]: GET /Subjects.html
[Sat Apr 15 21:37:13 2023] 127.0.0.1:39272 Closing
[Sat Apr 15 21:37:13 2023] 127.0.0.1:39274 Accepted
[Sat Apr 15 21:37:13 2023] 127.0.0.1:39280 Accepted
[Sat Apr 15 21:37:13 2023] 127.0.0.1:39290 Accepted
[Sat Apr 15 21:37:13 2023] 127.0.0.1:39294 Accepted
[Sat Apr 15 21:37:13 2023] 127.0.0.1:39274 [200]: GET /static/UI-new.css
[Sat Apr 15 21:37:13 2023] 127.0.0.1:39280 [200]: GET /src/UI.css
[Sat Apr 15 21:37:13 2023] 127.0.0.1:39290 [404]: GET /src/Custom_Tags.css - No such file or directory
[Sat Apr 15 21:37:13 2023] 127.0.0.1:39274 Closing
[Sat Apr 15 21:37:13 2023] 127.0.0.1:39290 Closing
[Sat Apr 15 21:37:13 2023] 127.0.0.1:39280 Closing
[Sat Apr 15 21:37:13 2023] 127.0.0.1:39294 [200]: GET /src/layouts.css
[Sat Apr 15 21:37:13 2023] 127.0.0.1:39294 Closing
[Sat Apr 15 21:37:14 2023] 127.0.0.1:39300 Accepted
[Sat Apr 15 21:37:14 2023] 127.0.0.1:39300 [200]: GET /Math/Math-Menu.html
[Sat Apr 15 21:37:14 2023] 127.0.0.1:39300 Closing
[Sat Apr 15 21:37:14 2023] 127.0.0.1:39316 Accepted
[Sat Apr 15 21:37:14 2023] 127.0.0.1:39330 Accepted
[Sat Apr 15 21:37:14 2023] 127.0.0.1:39332 Accepted
[Sat Apr 15 21:37:14 2023] 127.0.0.1:39344 Accepted
[Sat Apr 15 21:37:14 2023] 127.0.0.1:39316 [200]: GET /Math/index.css
[Sat Apr 15 21:37:14 2023] 127.0.0.1:39330 [200]: GET /src/layouts.css
[Sat Apr 15 21:37:14 2023] 127.0.0.1:39332 [200]: GET /src/position-text.css
[Sat Apr 15 21:37:14 2023] 127.0.0.1:39344 [200]: GET /static/UI-new.css
[Sat Apr 15 21:37:14 2023] 127.0.0.1:39316 Closing
[Sat Apr 15 21:37:14 2023] 127.0.0.1:39330 Closing
[Sat Apr 15 21:37:14 2023] 127.0.0.1:39332 Closing
[Sat Apr 15 21:37:14 2023] 127.0.0.1:39344 Closing
[Sat Apr 15 21:37:16 2023] 127.0.0.1:39354 Accepted
[Sat Apr 15 21:37:16 2023] 127.0.0.1:39354 [200]: GET /Math/Numbers/Whole%20Numbers/index.html
[Sat Apr 15 21:37:16 2023] 127.0.0.1:39354 Closing
[Sat Apr 15 21:37:16 2023] 127.0.0.1:39368 Accepted
[Sat Apr 15 21:37:16 2023] 127.0.0.1:39370 Accepted
[Sat Apr 15 21:37:16 2023] 127.0.0.1:39386 Accepted
[Sat Apr 15 21:37:16 2023] 127.0.0.1:39402 Accepted
[Sat Apr 15 21:37:16 2023] 127.0.0.1:39416 Accepted
[Sat Apr 15 21:37:16 2023] 127.0.0.1:39418 Accepted
[Sat Apr 15 21:37:16 2023] 127.0.0.1:39368 [200]: GET /Math/Numbers/Whole%20Numbers/src/layouts.css
[Sat Apr 15 21:37:16 2023] 127.0.0.1:39370 [200]: GET /Math/Numbers/Whole%20Numbers/src/position-text.css
[Sat Apr 15 21:37:16 2023] 127.0.0.1:39386 [200]: GET /static/UI-new.css
[Sat Apr 15 21:37:16 2023] 127.0.0.1:39402 [200]: GET /Math/Numbers/Whole%20Numbers/index.css
[Sat Apr 15 21:37:16 2023] 127.0.0.1:39368 Closing
[Sat Apr 15 21:37:16 2023] 127.0.0.1:39370 Closing
[Sat Apr 15 21:37:16 2023] 127.0.0.1:39386 Closing
[Sat Apr 15 21:37:16 2023] 127.0.0.1:39402 Closing
[Sat Apr 15 21:37:16 2023] 127.0.0.1:39416 [404]: GET /Math/Numbers/Whole%20Numbers/bar.senal - No such file or directory
[Sat Apr 15 21:37:16 2023] 127.0.0.1:39416 Closing
[Sat Apr 15 21:37:16 2023] 127.0.0.1:39418 [200]: GET /Math/Numbers/Whole%20Numbers/background.css
[Sat Apr 15 21:37:16 2023] 127.0.0.1:39418 Closing
[Sat Apr 15 21:37:16 2023] 127.0.0.1:39434 Accepted
[Sat Apr 15 21:37:16 2023] 127.0.0.1:39434 [200]: GET /Math/Numbers/Whole%20Numbers/transition.css
[Sat Apr 15 21:37:16 2023] 127.0.0.1:39434 Closing
[Sat Apr 15 21:37:20 2023] 127.0.0.1:45080 Accepted
[Sat Apr 15 21:37:20 2023] 127.0.0.1:45080 [200]: GET /Math/Numbers/Whole%20Numbers/1.html
[Sat Apr 15 21:37:20 2023] 127.0.0.1:45080 Closing
[Sat Apr 15 21:37:20 2023] 127.0.0.1:45090 Accepted
[Sat Apr 15 21:37:20 2023] 127.0.0.1:45102 Accepted
[Sat Apr 15 21:37:20 2023] 127.0.0.1:45106 Accepted
[Sat Apr 15 21:37:20 2023] 127.0.0.1:45118 Accepted
[Sat Apr 15 21:37:20 2023] 127.0.0.1:45090 [200]: GET /Math/Numbers/Whole%20Numbers/src/layouts.css
[Sat Apr 15 21:37:20 2023] 127.0.0.1:45102 [200]: GET /Math/Numbers/Whole%20Numbers/src/position-text.css
[Sat Apr 15 21:37:20 2023] 127.0.0.1:45106 [200]: GET /Math/Numbers/Whole%20Numbers/index.css
[Sat Apr 15 21:37:20 2023] 127.0.0.1:45118 [200]: GET /static/UI-new.css
[Sat Apr 15 21:37:20 2023] 127.0.0.1:45090 Closing
[Sat Apr 15 21:37:20 2023] 127.0.0.1:45102 Closing
[Sat Apr 15 21:37:20 2023] 127.0.0.1:45106 Closing
[Sat Apr 15 21:37:20 2023] 127.0.0.1:45118 Closing
[Sat Apr 15 21:37:20 2023] 127.0.0.1:45132 Accepted
[Sat Apr 15 21:37:20 2023] 127.0.0.1:45142 Accepted
[Sat Apr 15 21:37:20 2023] 127.0.0.1:45132 [200]: GET /Math/Numbers/Whole%20Numbers/transition.css
[Sat Apr 15 21:37:20 2023] 127.0.0.1:45142 [200]: GET /Math/Numbers/Whole%20Numbers/background.css
[Sat Apr 15 21:37:20 2023] 127.0.0.1:45132 Closing
[Sat Apr 15 21:37:20 2023] 127.0.0.1:45142 Closing
[Thu Apr 20 17:26:21 2023] PHP 8.1.18 Development Server (http://localhost:4000) started
[Thu Apr 20 17:26:21 2023] Failed to listen on localhost:4000 (reason: Address already in use)
[Thu Apr 20 18:08:18 2023] PHP 8.1.18 Development Server (http://localhost:4000) started
[Thu Apr 20 18:08:19 2023] Failed to listen on localhost:4000 (reason: Address already in use)
[Fri Apr 21 09:26:19 2023] PHP 8.1.18 Development Server (http://localhost:4000) started
[Fri Apr 21 09:26:19 2023] Failed to listen on localhost:4000 (reason: Address already in use)
[Fri Apr 21 09:26:24 2023] PHP 8.1.18 Development Server (http://localhost:4000) started
[Fri Apr 21 09:26:24 2023] Failed to listen on localhost:4000 (reason: Address already in use)
[Fri Apr 21 12:11:36 2023] PHP 8.1.18 Development Server (http://localhost:4000) started
[Fri Apr 21 12:11:36 2023] Failed to listen on localhost:4000 (reason: Address already in use)
[Fri Apr 21 13:01:33 2023] Failed to listen on localhost:4000 (reason: Address already in use)
[Sun Apr 23 17:04:03 2023] PHP 8.2.5 Development Server (http://localhost:4000) started
[Sun Apr 23 17:04:03 2023] Failed to listen on localhost:4000 (reason: Address already in use)
[Sun Apr 23 17:04:13 2023] [::1]:59686 Accepted
[Sun Apr 23 17:04:13 2023] [::1]:59686 [200]: GET /Subjects.html
[Sun Apr 23 17:04:13 2023] [::1]:59686 Closing
[Sun Apr 23 17:04:13 2023] [::1]:59688 Accepted
[Sun Apr 23 17:04:13 2023] [::1]:59688 [200]: GET /static/UI-new.css
[Sun Apr 23 17:04:13 2023] [::1]:59702 Accepted
[Sun Apr 23 17:04:13 2023] [::1]:59688 Closing
[Sun Apr 23 17:04:13 2023] [::1]:59702 [200]: GET /src/UI.css
[Sun Apr 23 17:04:13 2023] [::1]:59708 Accepted
[Sun Apr 23 17:04:13 2023] [::1]:59702 Closing
[Sun Apr 23 17:04:13 2023] [::1]:59708 [404]: GET /src/Custom_Tags.css - No such file or directory
[Sun Apr 23 17:04:13 2023] [::1]:59708 Closing
[Sun Apr 23 17:04:13 2023] [::1]:59722 Accepted
[Sun Apr 23 17:04:13 2023] [::1]:59722 [200]: GET /src/layouts.css
[Sun Apr 23 17:04:13 2023] [::1]:59722 Closing
[Sun Apr 23 17:04:13 2023] [::1]:59736 Accepted
[Sun Apr 23 17:04:13 2023] [::1]:59736 [200]: GET /src/position-text.css
[Sun Apr 23 17:04:13 2023] [::1]:59736 Closing
[Sun Apr 23 17:04:13 2023] [::1]:59738 Accepted
[Sun Apr 23 17:04:13 2023] [::1]:59738 [404]: GET /favicon.ico - No such file or directory
[Sun Apr 23 17:04:13 2023] [::1]:59738 Closing
[Wed Apr 26 18:32:38 2023] PHP 8.2.5 Development Server (http://localhost:4000) started
[Wed Apr 26 18:32:39 2023] Failed to listen on localhost:4000 (reason: Address already in use)
[Fri Apr 28 08:01:27 2023] PHP 8.2.5 Development Server (http://localhost:4000) started
[Fri Apr 28 08:01:27 2023] Failed to listen on localhost:4000 (reason: Address already in use)
[Fri Apr 28 08:05:05 2023] PHP 8.2.5 Development Server (http://localhost:4000) started
[Fri Apr 28 08:05:05 2023] Failed to listen on localhost:4000 (reason: Address already in use)
[Fri Apr 28 08:05:18 2023] PHP 8.2.5 Development Server (http://localhost:4000) started
[Fri Apr 28 08:05:18 2023] Failed to listen on localhost:4000 (reason: Address already in use)
[Fri Apr 28 08:05:32 2023] PHP 8.2.5 Development Server (http://localhost:4000) started
[Fri Apr 28 08:05:32 2023] Failed to listen on localhost:4000 (reason: Address already in use)
[Fri Apr 28 08:07:01 2023] PHP 8.2.5 Development Server (http://localhost:4000) started
[Fri Apr 28 08:07:01 2023] Failed to listen on localhost:4000 (reason: Address already in use)
[Fri Apr 28 08:07:26 2023] PHP 8.2.5 Development Server (http://localhost:4000) started
[Fri Apr 28 08:07:26 2023] Failed to listen on localhost:4000 (reason: Address already in use)
[Fri Apr 28 08:07:45 2023] PHP 8.2.5 Development Server (http://localhost:4000) started
[Fri Apr 28 08:07:45 2023] Failed to listen on localhost:4000 (reason: Address already in use)
[Fri Apr 28 08:07:59 2023] PHP 8.2.5 Development Server (http://localhost:4000) started
[Fri Apr 28 08:07:59 2023] Failed to listen on localhost:4000 (reason: Address already in use)
[Fri Apr 28 08:27:50 2023] Failed to listen on localhost:4000 (reason: Address already in use)
[Fri Apr 28 08:28:15 2023] PHP 8.2.5 Development Server (http://localhost:4000) started
[Fri Apr 28 08:28:15 2023] Failed to listen on localhost:4000 (reason: Address already in use)
[Fri Apr 28 08:29:31 2023] Failed to listen on localhost:4000 (reason: Address already in use)
[Fri Apr 28 08:30:11 2023] Failed to listen on localhost:4000 (reason: Address already in use)
[Fri Apr 28 08:31:01 2023] Failed to listen on localhost:4000 (reason: Address already in use)
[Fri Apr 28 08:32:17 2023] Failed to listen on localhost:4000 (reason: Address already in use)
[Fri Apr 28 08:32:29 2023] Failed to listen on localhost:4000 (reason: Address already in use)
[Fri Apr 28 08:32:34 2023] Failed to listen on localhost:4000 (reason: Address already in use)
[Fri Apr 28 08:33:46 2023] Failed to listen on localhost:4000 (reason: Address already in use)
[Fri Apr 28 08:33:47 2023] Failed to listen on localhost:4000 (reason: Address already in use)
[Fri Apr 28 08:33:56 2023] PHP 8.2.5 Development Server (http://localhost:4000) started
[Fri Apr 28 08:33:56 2023] Failed to listen on localhost:4000 (reason: Address already in use)
[Fri Apr 28 08:35:15 2023] Failed to listen on localhost:4000 (reason: Address already in use)
[Fri Apr 28 08:35:26 2023] Failed to listen on localhost:4000 (reason: Address already in use)
[Fri Apr 28 08:35:45 2023] Failed to listen on localhost:4000 (reason: Address already in use)
[Fri Apr 28 08:42:38 2023] Failed to listen on localhost:4000 (reason: Address already in use)
[Fri Apr 28 08:42:49 2023] Failed to listen on localhost:4000 (reason: Address already in use)
[Fri Apr 28 08:43:00 2023] Failed to listen on localhost:4000 (reason: Address already in use)
[Fri Apr 28 08:43:00 2023] Failed to listen on localhost:4000 (reason: Address already in use)
[Fri Apr 28 08:50:58 2023] Failed to listen on localhost:4000 (reason: Address already in use)
[Fri Apr 28 08:51:53 2023] Failed to listen on localhost:4000 (reason: Address already in use)
[Fri Apr 28 08:51:54 2023] Failed to listen on localhost:4000 (reason: Address already in use)
[Fri Apr 28 08:51:57 2023] Failed to listen on localhost:4000 (reason: Address already in use)
[Fri Apr 28 08:52:22 2023] Failed to listen on localhost:4000 (reason: Address already in use)
[Fri Apr 28 08:52:23 2023] Failed to listen on localhost:4000 (reason: Address already in use)
[Fri Apr 28 08:53:41 2023] Failed to listen on localhost:4000 (reason: Address already in use)
[Fri Apr 28 08:53:41 2023] Failed to listen on localhost:4000 (reason: Address already in use)
[Fri Apr 28 08:53:56 2023] [::1]:46086 Accepted
[Fri Apr 28 08:53:56 2023] [::1]:46086 [200]: GET /Subjects.html
[Fri Apr 28 08:53:56 2023] [::1]:46086 Closing
[Fri Apr 28 08:53:56 2023] [::1]:46096 Accepted
[Fri Apr 28 08:53:56 2023] [::1]:46100 Accepted
[Fri Apr 28 08:53:56 2023] [::1]:46108 Accepted
[Fri Apr 28 08:53:56 2023] [::1]:46124 Accepted
[Fri Apr 28 08:53:56 2023] [::1]:46096 [200]: GET /static/UI-new.css
[Fri Apr 28 08:53:56 2023] [::1]:46096 Closing
[Fri Apr 28 08:53:56 2023] [::1]:46100 [200]: GET /src/UI.css
[Fri Apr 28 08:53:56 2023] [::1]:46108 [404]: GET /src/Custom_Tags.css - No such file or directory
[Fri Apr 28 08:53:56 2023] [::1]:46124 [200]: GET /src/layouts.css
[Fri Apr 28 08:53:56 2023] [::1]:46108 Closing
[Fri Apr 28 08:53:56 2023] [::1]:46100 Closing
[Fri Apr 28 08:53:56 2023] [::1]:46124 Closing
[Fri Apr 28 08:53:56 2023] [::1]:46134 Accepted
[Fri Apr 28 08:53:56 2023] [::1]:46134 [404]: GET /favicon.ico - No such file or directory
[Fri Apr 28 08:53:56 2023] [::1]:46134 Closing
[Fri Apr 28 08:53:59 2023] [::1]:55780 Accepted
[Fri Apr 28 08:53:59 2023] [::1]:55780 [200]: GET /Math/Math-Menu.html
[Fri Apr 28 08:53:59 2023] [::1]:55780 Closing
[Fri Apr 28 08:53:59 2023] [::1]:55790 Accepted
[Fri Apr 28 08:53:59 2023] [::1]:55792 Accepted
[Fri Apr 28 08:53:59 2023] [::1]:55806 Accepted
[Fri Apr 28 08:53:59 2023] [::1]:55818 Accepted
[Fri Apr 28 08:53:59 2023] [::1]:55790 [200]: GET /Math/index.css
[Fri Apr 28 08:53:59 2023] [::1]:55792 [200]: GET /src/layouts.css
[Fri Apr 28 08:53:59 2023] [::1]:55806 [200]: GET /src/position-text.css
[Fri Apr 28 08:53:59 2023] [::1]:55790 Closing
[Fri Apr 28 08:53:59 2023] [::1]:55792 Closing
[Fri Apr 28 08:53:59 2023] [::1]:55806 Closing
[Fri Apr 28 08:53:59 2023] [::1]:55818 [200]: GET /static/UI-new.css
[Fri Apr 28 08:53:59 2023] [::1]:55818 Closing
[Fri Apr 28 08:54:01 2023] [::1]:55820 Accepted
[Fri Apr 28 08:54:01 2023] [::1]:55820 [200]: GET /Math/Numbers/Whole%20Numbers/index.html
[Fri Apr 28 08:54:01 2023] [::1]:55820 Closing
[Fri Apr 28 08:54:01 2023] [::1]:55830 Accepted
[Fri Apr 28 08:54:01 2023] [::1]:55834 Accepted
[Fri Apr 28 08:54:01 2023] [::1]:55844 Accepted
[Fri Apr 28 08:54:01 2023] [::1]:55846 Accepted
[Fri Apr 28 08:54:01 2023] [::1]:55852 Accepted
[Fri Apr 28 08:54:01 2023] [::1]:55864 Accepted
[Fri Apr 28 08:54:01 2023] [::1]:55830 [200]: GET /Math/Numbers/Whole%20Numbers/src/layouts.css
[Fri Apr 28 08:54:01 2023] [::1]:55834 [200]: GET /Math/Numbers/Whole%20Numbers/src/position-text.css
[Fri Apr 28 08:54:01 2023] [::1]:55844 [200]: GET /static/UI-new.css
[Fri Apr 28 08:54:01 2023] [::1]:55830 Closing
[Fri Apr 28 08:54:01 2023] [::1]:55834 Closing
[Fri Apr 28 08:54:01 2023] [::1]:55844 Closing
[Fri Apr 28 08:54:01 2023] [::1]:55846 [200]: GET /Math/Numbers/Whole%20Numbers/index.css
[Fri Apr 28 08:54:01 2023] [::1]:55846 Closing
[Fri Apr 28 08:54:01 2023] [::1]:55852 [404]: GET /Math/Numbers/Whole%20Numbers/bar.senal - No such file or directory
[Fri Apr 28 08:54:01 2023] [::1]:55852 Closing
[Fri Apr 28 08:54:01 2023] [::1]:55864 [200]: GET /Math/Numbers/Whole%20Numbers/background.css
[Fri Apr 28 08:54:01 2023] [::1]:55864 Closing
[Fri Apr 28 08:54:01 2023] [::1]:55878 Accepted
[Fri Apr 28 08:54:01 2023] [::1]:55878 [200]: GET /Math/Numbers/Whole%20Numbers/transition.css
[Fri Apr 28 08:54:01 2023] [::1]:55878 Closing
[Fri Apr 28 08:54:04 2023] [::1]:55882 Accepted
[Fri Apr 28 08:54:04 2023] [::1]:55882 [200]: GET /Math/Numbers/Whole%20Numbers/1.html
[Fri Apr 28 08:54:04 2023] [::1]:55882 Closing
[Fri Apr 28 08:54:04 2023] [::1]:55888 Accepted
[Fri Apr 28 08:54:04 2023] [::1]:55894 Accepted
[Fri Apr 28 08:54:04 2023] [::1]:55904 Accepted
[Fri Apr 28 08:54:04 2023] [::1]:55908 Accepted
[Fri Apr 28 08:54:04 2023] [::1]:55888 [200]: GET /Math/Numbers/Whole%20Numbers/src/layouts.css
[Fri Apr 28 08:54:04 2023] [::1]:55894 [200]: GET /Math/Numbers/Whole%20Numbers/src/position-text.css
[Fri Apr 28 08:54:04 2023] [::1]:55904 [200]: GET /Math/Numbers/Whole%20Numbers/index.css
[Fri Apr 28 08:54:04 2023] [::1]:55908 [200]: GET /static/UI-new.css
[Fri Apr 28 08:54:04 2023] [::1]:55888 Closing
[Fri Apr 28 08:54:04 2023] [::1]:55894 Closing
[Fri Apr 28 08:54:04 2023] [::1]:55904 Closing
[Fri Apr 28 08:54:04 2023] [::1]:55908 Closing
[Fri Apr 28 08:54:04 2023] [::1]:55924 Accepted
[Fri Apr 28 08:54:04 2023] [::1]:55934 Accepted
[Fri Apr 28 08:54:04 2023] [::1]:55924 [200]: GET /Math/Numbers/Whole%20Numbers/transition.css
[Fri Apr 28 08:54:04 2023] [::1]:55924 Closing
[Fri Apr 28 08:54:04 2023] [::1]:55934 [200]: GET /Math/Numbers/Whole%20Numbers/background.css
[Fri Apr 28 08:54:04 2023] [::1]:55934 Closing
[Fri Apr 28 08:54:06 2023] [::1]:55944 Accepted
[Fri Apr 28 08:54:06 2023] [::1]:55944 [200]: GET /Math/Numbers/Whole%20Numbers/2.html
[Fri Apr 28 08:54:06 2023] [::1]:55944 Closing
[Fri Apr 28 08:54:06 2023] [::1]:55952 Accepted
[Fri Apr 28 08:54:06 2023] [::1]:55960 Accepted
[Fri Apr 28 08:54:06 2023] [::1]:55966 Accepted
[Fri Apr 28 08:54:06 2023] [::1]:55974 Accepted
[Fri Apr 28 08:54:06 2023] [::1]:55976 Accepted
[Fri Apr 28 08:54:06 2023] [::1]:55952 [200]: GET /Math/Numbers/Whole%20Numbers/src/layouts.css
[Fri Apr 28 08:54:06 2023] [::1]:55960 [200]: GET /Math/Numbers/Whole%20Numbers/src/position-text.css
[Fri Apr 28 08:54:06 2023] [::1]:55952 Closing
[Fri Apr 28 08:54:06 2023] [::1]:55960 Closing
[Fri Apr 28 08:54:06 2023] [::1]:55966 [200]: GET /Math/Numbers/Whole%20Numbers/src/UI.css
[Fri Apr 28 08:54:06 2023] [::1]:55966 Closing
[Fri Apr 28 08:54:06 2023] [::1]:55974 [200]: GET /Math/Numbers/Whole%20Numbers/index.css
[Fri Apr 28 08:54:06 2023] [::1]:55976 [200]: GET /static/UI-new.css
[Fri Apr 28 08:54:06 2023] [::1]:55974 Closing
[Fri Apr 28 08:54:06 2023] [::1]:55976 Closing
[Fri Apr 28 08:54:06 2023] [::1]:55984 Accepted
[Fri Apr 28 08:54:06 2023] [::1]:55988 Accepted
[Fri Apr 28 08:54:06 2023] [::1]:55984 [200]: GET /Math/Numbers/Whole%20Numbers/transition.css
[Fri Apr 28 08:54:06 2023] [::1]:55988 [200]: GET /Math/Numbers/Whole%20Numbers/background.css
[Fri Apr 28 08:54:06 2023] [::1]:55984 Closing
[Fri Apr 28 08:54:06 2023] [::1]:55988 Closing
[Fri Apr 28 08:54:08 2023] [::1]:46414 Accepted
[Fri Apr 28 08:54:08 2023] [::1]:46414 [200]: GET /Math/Numbers/Whole%20Numbers/3.html
[Fri Apr 28 08:54:08 2023] [::1]:46414 Closing
[Fri Apr 28 08:54:08 2023] [::1]:46428 Accepted
[Fri Apr 28 08:54:08 2023] [::1]:46434 Accepted
[Fri Apr 28 08:54:08 2023] [::1]:46450 Accepted
[Fri Apr 28 08:54:08 2023] [::1]:46456 Accepted
[Fri Apr 28 08:54:08 2023] [::1]:46472 Accepted
[Fri Apr 28 08:54:08 2023] [::1]:46428 [200]: GET /Math/Numbers/Whole%20Numbers/src/layouts.css
[Fri Apr 28 08:54:08 2023] [::1]:46434 [200]: GET /Math/Numbers/Whole%20Numbers/src/position-text.css
[Fri Apr 28 08:54:08 2023] [::1]:46450 [200]: GET /Math/Numbers/Whole%20Numbers/src/UI.css
[Fri Apr 28 08:54:08 2023] [::1]:46456 [200]: GET /Math/Numbers/Whole%20Numbers/index.css
[Fri Apr 28 08:54:08 2023] [::1]:46472 [200]: GET /static/UI-new.css
[Fri Apr 28 08:54:08 2023] [::1]:46428 Closing
[Fri Apr 28 08:54:08 2023] [::1]:46434 Closing
[Fri Apr 28 08:54:08 2023] [::1]:46450 Closing
[Fri Apr 28 08:54:08 2023] [::1]:46456 Closing
[Fri Apr 28 08:54:08 2023] [::1]:46472 Closing
[Fri Apr 28 08:54:08 2023] [::1]:46476 Accepted
[Fri Apr 28 08:54:08 2023] [::1]:46492 Accepted
[Fri Apr 28 08:54:08 2023] [::1]:46476 [200]: GET /Math/Numbers/Whole%20Numbers/transition.css
[Fri Apr 28 08:54:08 2023] [::1]:46492 [200]: GET /Math/Numbers/Whole%20Numbers/background.css
[Fri Apr 28 08:54:08 2023] [::1]:46476 Closing
[Fri Apr 28 08:54:08 2023] [::1]:46492 Closing
[Fri Apr 28 08:54:14 2023] [::1]:46502 Accepted
[Fri Apr 28 08:54:14 2023] [::1]:46502 [200]: GET /Math/Numbers/Whole%20Numbers/1.html
[Fri Apr 28 08:54:14 2023] [::1]:46502 Closing
[Fri Apr 28 08:54:14 2023] [::1]:46508 Accepted
[Fri Apr 28 08:54:14 2023] [::1]:46520 Accepted
[Fri Apr 28 08:54:14 2023] [::1]:46536 Accepted
[Fri Apr 28 08:54:14 2023] [::1]:46544 Accepted
[Fri Apr 28 08:54:14 2023] [::1]:46508 [200]: GET /Math/Numbers/Whole%20Numbers/src/layouts.css
[Fri Apr 28 08:54:14 2023] [::1]:46520 [200]: GET /Math/Numbers/Whole%20Numbers/src/position-text.css
[Fri Apr 28 08:54:14 2023] [::1]:46536 [200]: GET /Math/Numbers/Whole%20Numbers/index.css
[Fri Apr 28 08:54:14 2023] [::1]:46508 Closing
[Fri Apr 28 08:54:14 2023] [::1]:46520 Closing
[Fri Apr 28 08:54:14 2023] [::1]:46536 Closing
[Fri Apr 28 08:54:14 2023] [::1]:46544 [200]: GET /static/UI-new.css
[Fri Apr 28 08:54:14 2023] [::1]:46544 Closing
[Fri Apr 28 08:54:14 2023] [::1]:46548 Accepted
[Fri Apr 28 08:54:14 2023] [::1]:46550 Accepted
[Fri Apr 28 08:54:14 2023] [::1]:46548 [200]: GET /Math/Numbers/Whole%20Numbers/transition.css
[Fri Apr 28 08:54:14 2023] [::1]:46550 [200]: GET /Math/Numbers/Whole%20Numbers/background.css
[Fri Apr 28 08:54:14 2023] [::1]:46548 Closing
[Fri Apr 28 08:54:14 2023] [::1]:46550 Closing
[Fri Apr 28 08:54:17 2023] [::1]:46562 Accepted
[Fri Apr 28 08:54:17 2023] [::1]:46562 [200]: GET /Math/Numbers/Whole%20Numbers/index.html
[Fri Apr 28 08:54:17 2023] [::1]:46562 Closing
[Fri Apr 28 08:54:17 2023] [::1]:46570 Accepted
[Fri Apr 28 08:54:17 2023] [::1]:46586 Accepted
[Fri Apr 28 08:54:17 2023] [::1]:46598 Accepted
[Fri Apr 28 08:54:17 2023] [::1]:46600 Accepted
[Fri Apr 28 08:54:17 2023] [::1]:46616 Accepted
[Fri Apr 28 08:54:17 2023] [::1]:46626 Accepted
[Fri Apr 28 08:54:17 2023] [::1]:46570 [200]: GET /Math/Numbers/Whole%20Numbers/src/layouts.css
[Fri Apr 28 08:54:17 2023] [::1]:46586 [200]: GET /Math/Numbers/Whole%20Numbers/src/position-text.css
[Fri Apr 28 08:54:17 2023] [::1]:46598 [200]: GET /static/UI-new.css
[Fri Apr 28 08:54:17 2023] [::1]:46570 Closing
[Fri Apr 28 08:54:17 2023] [::1]:46586 Closing
[Fri Apr 28 08:54:17 2023] [::1]:46598 Closing
[Fri Apr 28 08:54:17 2023] [::1]:46600 [200]: GET /Math/Numbers/Whole%20Numbers/index.css
[Fri Apr 28 08:54:17 2023] [::1]:46616 [404]: GET /Math/Numbers/Whole%20Numbers/bar.senal - No such file or directory
[Fri Apr 28 08:54:17 2023] [::1]:46616 Closing
[Fri Apr 28 08:54:17 2023] [::1]:46600 Closing
[Fri Apr 28 08:54:17 2023] [::1]:46626 [200]: GET /Math/Numbers/Whole%20Numbers/background.css
[Fri Apr 28 08:54:17 2023] [::1]:46626 Closing
[Fri Apr 28 08:54:17 2023] [::1]:46642 Accepted
[Fri Apr 28 08:54:17 2023] [::1]:46642 [200]: GET /Math/Numbers/Whole%20Numbers/transition.css
[Fri Apr 28 08:54:17 2023] [::1]:46642 Closing
[Fri Apr 28 08:54:19 2023] [::1]:58900 Accepted
[Fri Apr 28 08:54:19 2023] [::1]:58900 [200]: GET /Math/Math-Menu.html
[Fri Apr 28 08:54:19 2023] [::1]:58900 Closing
[Fri Apr 28 08:54:19 2023] [::1]:58910 Accepted
[Fri Apr 28 08:54:19 2023] [::1]:58926 Accepted
[Fri Apr 28 08:54:19 2023] [::1]:58936 Accepted
[Fri Apr 28 08:54:19 2023] [::1]:58948 Accepted
[Fri Apr 28 08:54:19 2023] [::1]:58910 [200]: GET /Math/index.css
[Fri Apr 28 08:54:19 2023] [::1]:58926 [200]: GET /src/layouts.css
[Fri Apr 28 08:54:19 2023] [::1]:58936 [200]: GET /src/position-text.css
[Fri Apr 28 08:54:19 2023] [::1]:58910 Closing
[Fri Apr 28 08:54:19 2023] [::1]:58926 Closing
[Fri Apr 28 08:54:19 2023] [::1]:58936 Closing
[Fri Apr 28 08:54:19 2023] [::1]:58948 [200]: GET /static/UI-new.css
[Fri Apr 28 08:54:19 2023] [::1]:58948 Closing
[Fri Apr 28 08:54:22 2023] [::1]:58950 Accepted
[Fri Apr 28 08:54:22 2023] [::1]:58950 [200]: GET /Subjects.html
[Fri Apr 28 08:54:22 2023] [::1]:58950 Closing
[Fri Apr 28 08:54:22 2023] [::1]:58952 Accepted
[Fri Apr 28 08:54:22 2023] [::1]:58958 Accepted
[Fri Apr 28 08:54:22 2023] [::1]:58962 Accepted
[Fri Apr 28 08:54:22 2023] [::1]:58964 Accepted
[Fri Apr 28 08:54:22 2023] [::1]:58952 [200]: GET /static/UI-new.css
[Fri Apr 28 08:54:22 2023] [::1]:58958 [200]: GET /src/UI.css
[Fri Apr 28 08:54:22 2023] [::1]:58962 [404]: GET /src/Custom_Tags.css - No such file or directory
[Fri Apr 28 08:54:22 2023] [::1]:58952 Closing
[Fri Apr 28 08:54:22 2023] [::1]:58962 Closing
[Fri Apr 28 08:54:22 2023] [::1]:58958 Closing
[Fri Apr 28 08:54:22 2023] [::1]:58964 [200]: GET /src/layouts.css
[Fri Apr 28 08:54:22 2023] [::1]:58964 Closing
[Fri Apr 28 08:55:06 2023] Failed to listen on localhost:4000 (reason: Address already in use)
[Fri Apr 28 10:30:52 2023] Failed to listen on localhost:4000 (reason: Address already in use)
[Fri Apr 28 10:30:52 2023] Failed to listen on localhost:4000 (reason: Address already in use)
[Fri Apr 28 10:31:05 2023] Failed to listen on localhost:4000 (reason: Address already in use)
[Fri Apr 28 10:31:05 2023] Failed to listen on localhost:4000 (reason: Address already in use)
[Fri Apr 28 10:39:49 2023] Failed to listen on localhost:4000 (reason: Address already in use)
[Fri Apr 28 10:39:49 2023] Failed to listen on localhost:4000 (reason: Address already in use)
[Fri Apr 28 10:40:22 2023] Failed to listen on localhost:4000 (reason: Address already in use)
[Fri Apr 28 10:40:22 2023] Failed to listen on localhost:4000 (reason: Address already in use)
[Fri Apr 28 10:52:04 2023] Failed to listen on localhost:4000 (reason: Address already in use)
[Fri Apr 28 10:52:04 2023] Failed to listen on localhost:4000 (reason: Address already in use)
[Fri Apr 28 10:52:11 2023] [::1]:54138 Accepted
[Fri Apr 28 10:52:11 2023] [::1]:54138 [200]: GET /Subjects.html
[Fri Apr 28 10:52:11 2023] [::1]:54138 Closing
[Fri Apr 28 10:52:11 2023] [::1]:54144 Accepted
[Fri Apr 28 10:52:11 2023] [::1]:54148 Accepted
[Fri Apr 28 10:52:11 2023] [::1]:54152 Accepted
[Fri Apr 28 10:52:11 2023] [::1]:54154 Accepted
[Fri Apr 28 10:52:11 2023] [::1]:54144 [200]: GET /static/UI-new.css
[Fri Apr 28 10:52:11 2023] [::1]:54148 [200]: GET /src/UI.css
[Fri Apr 28 10:52:11 2023] [::1]:54152 [404]: GET /src/Custom_Tags.css - No such file or directory
[Fri Apr 28 10:52:11 2023] [::1]:54144 Closing
[Fri Apr 28 10:52:11 2023] [::1]:54152 Closing
[Fri Apr 28 10:52:11 2023] [::1]:54148 Closing
[Fri Apr 28 10:52:11 2023] [::1]:54154 [200]: GET /src/layouts.css
[Fri Apr 28 10:52:11 2023] [::1]:54154 Closing
[Fri Apr 28 10:54:18 2023] [::1]:57522 Accepted
[Fri Apr 28 10:54:18 2023] [::1]:57522 [200]: GET /Subjects.html
[Fri Apr 28 10:54:18 2023] [::1]:57522 Closing
[Fri Apr 28 10:54:18 2023] [::1]:57534 Accepted
[Fri Apr 28 10:54:18 2023] [::1]:57550 Accepted
[Fri Apr 28 10:54:18 2023] [::1]:57558 Accepted
[Fri Apr 28 10:54:18 2023] [::1]:57572 Accepted
[Fri Apr 28 10:54:18 2023] [::1]:57534 [200]: GET /static/UI-new.css
[Fri Apr 28 10:54:18 2023] [::1]:57550 [200]: GET /src/UI.css
[Fri Apr 28 10:54:18 2023] [::1]:57558 [404]: GET /src/Custom_Tags.css - No such file or directory
[Fri Apr 28 10:54:18 2023] [::1]:57534 Closing
[Fri Apr 28 10:54:18 2023] [::1]:57558 Closing
[Fri Apr 28 10:54:18 2023] [::1]:57550 Closing
[Fri Apr 28 10:54:18 2023] [::1]:57572 [200]: GET /src/layouts.css
[Fri Apr 28 10:54:18 2023] [::1]:57572 Closing
[Fri Apr 28 11:31:13 2023] Failed to listen on localhost:4000 (reason: Address already in use)
[Fri Apr 28 11:31:13 2023] Failed to listen on localhost:4000 (reason: Address already in use)
[Fri Apr 28 11:31:27 2023] [::1]:48988 Accepted
[Fri Apr 28 11:31:27 2023] [::1]:48988 [200]: GET /Subjects.html
[Fri Apr 28 11:31:27 2023] [::1]:48988 Closing
[Fri Apr 28 11:31:27 2023] [::1]:48992 Accepted
[Fri Apr 28 11:31:27 2023] [::1]:48996 Accepted
[Fri Apr 28 11:31:27 2023] [::1]:49004 Accepted
[Fri Apr 28 11:31:27 2023] [::1]:49014 Accepted
[Fri Apr 28 11:31:27 2023] [::1]:48992 [200]: GET /static/UI-new.css
[Fri Apr 28 11:31:27 2023] [::1]:48996 [200]: GET /src/UI.css
[Fri Apr 28 11:31:27 2023] [::1]:49004 [404]: GET /src/Custom_Tags.css - No such file or directory
[Fri Apr 28 11:31:27 2023] [::1]:49004 Closing
[Fri Apr 28 11:31:27 2023] [::1]:49014 [200]: GET /src/layouts.css
[Fri Apr 28 11:31:27 2023] [::1]:48992 Closing
[Fri Apr 28 11:31:27 2023] [::1]:48996 Closing
[Fri Apr 28 11:31:27 2023] [::1]:49014 Closing
[Fri Apr 28 11:31:27 2023] [::1]:49030 Accepted
[Fri Apr 28 11:31:27 2023] [::1]:49030 [404]: GET /favicon.ico - No such file or directory
[Fri Apr 28 11:31:27 2023] [::1]:49030 Closing
[Fri Apr 28 11:31:28 2023] [::1]:49042 Accepted
[Fri Apr 28 11:31:28 2023] [::1]:49042 [200]: GET /Math/Math-Menu.html
[Fri Apr 28 11:31:28 2023] [::1]:49042 Closing
[Fri Apr 28 11:31:28 2023] [::1]:49046 Accepted
[Fri Apr 28 11:31:28 2023] [::1]:49058 Accepted
[Fri Apr 28 11:31:28 2023] [::1]:49066 Accepted
[Fri Apr 28 11:31:28 2023] [::1]:49070 Accepted
[Fri Apr 28 11:31:28 2023] [::1]:49046 [200]: GET /Math/index.css
[Fri Apr 28 11:31:28 2023] [::1]:49058 [200]: GET /src/layouts.css
[Fri Apr 28 11:31:28 2023] [::1]:49066 [200]: GET /src/position-text.css
[Fri Apr 28 11:31:28 2023] [::1]:49070 [200]: GET /static/UI-new.css
[Fri Apr 28 11:31:28 2023] [::1]:49046 Closing
[Fri Apr 28 11:31:28 2023] [::1]:49058 Closing
[Fri Apr 28 11:31:28 2023] [::1]:49066 Closing
[Fri Apr 28 11:31:28 2023] [::1]:49070 Closing
[Fri Apr 28 11:31:34 2023] [::1]:42974 Accepted
[Fri Apr 28 11:31:34 2023] [::1]:42974 [200]: GET /Subjects.html
[Fri Apr 28 11:31:34 2023] [::1]:42974 Closing
[Fri Apr 28 11:31:34 2023] [::1]:42990 Accepted
[Fri Apr 28 11:31:34 2023] [::1]:43004 Accepted
[Fri Apr 28 11:31:34 2023] [::1]:43014 Accepted
[Fri Apr 28 11:31:34 2023] [::1]:43028 Accepted
[Fri Apr 28 11:31:34 2023] [::1]:42990 [200]: GET /static/UI-new.css
[Fri Apr 28 11:31:34 2023] [::1]:43004 [200]: GET /src/UI.css
[Fri Apr 28 11:31:34 2023] [::1]:42990 Closing
[Fri Apr 28 11:31:34 2023] [::1]:43004 Closing
[Fri Apr 28 11:31:34 2023] [::1]:43014 [404]: GET /src/Custom_Tags.css - No such file or directory
[Fri Apr 28 11:31:34 2023] [::1]:43014 Closing
[Fri Apr 28 11:31:34 2023] [::1]:43028 [200]: GET /src/layouts.css
[Fri Apr 28 11:31:34 2023] [::1]:43028 Closing
[Fri Apr 28 11:32:23 2023] Failed to listen on localhost:4000 (reason: Address already in use)
[Fri Apr 28 11:32:24 2023] Failed to listen on localhost:4000 (reason: Address already in use)
[Fri Apr 28 11:32:26 2023] Failed to listen on localhost:4000 (reason: Address already in use)
[Fri Apr 28 11:32:45 2023] Failed to listen on localhost:4000 (reason: Address already in use)
[Fri Apr 28 11:32:46 2023] Failed to listen on localhost:4000 (reason: Address already in use)
[Fri Apr 28 11:33:27 2023] Failed to listen on localhost:4000 (reason: Address already in use)
[Fri Apr 28 11:33:28 2023] Failed to listen on localhost:4000 (reason: Address already in use)
[Fri Apr 28 11:34:40 2023] Failed to listen on localhost:4000 (reason: Address already in use)
[Fri Apr 28 11:34:40 2023] Failed to listen on localhost:4000 (reason: Address already in use)
[Fri Apr 28 11:35:30 2023] Failed to listen on localhost:4000 (reason: Address already in use)
[Fri Apr 28 11:35:30 2023] Failed to listen on localhost:4000 (reason: Address already in use)
[Fri Apr 28 11:46:23 2023] Failed to listen on localhost:4000 (reason: Address already in use)
[Fri Apr 28 11:46:23 2023] Failed to listen on localhost:4000 (reason: Address already in use)
[Fri Apr 28 11:49:17 2023] Failed to listen on localhost:4000 (reason: Address already in use)
[Fri Apr 28 11:49:17 2023] Failed to listen on localhost:4000 (reason: Address already in use)
[Fri Apr 28 12:11:07 2023] Failed to listen on localhost:4000 (reason: Address already in use)
[Fri Apr 28 12:11:07 2023] Failed to listen on localhost:4000 (reason: Address already in use)
[Fri Apr 28 12:26:27 2023] Failed to listen on localhost:4000 (reason: Address already in use)
[Fri Apr 28 12:26:27 2023] Failed to listen on localhost:4000 (reason: Address already in use)
[Fri Apr 28 12:32:36 2023] Failed to listen on localhost:4000 (reason: Address already in use)
[Fri Apr 28 12:32:37 2023] Failed to listen on localhost:4000 (reason: Address already in use)
[Fri Apr 28 12:33:08 2023] Failed to listen on localhost:4000 (reason: Address already in use)
[Fri Apr 28 12:33:08 2023] Failed to listen on localhost:4000 (reason: Address already in use)
[Fri Apr 28 12:33:27 2023] Failed to listen on localhost:4000 (reason: Address already in use)
[Fri Apr 28 12:33:27 2023] Failed to listen on localhost:4000 (reason: Address already in use)
[Fri Apr 28 12:34:04 2023] [::1]:33712 Accepted
[Fri Apr 28 12:34:04 2023] [::1]:33712 [200]: GET /Subjects.html
[Fri Apr 28 12:34:04 2023] [::1]:33712 Closing
[Fri Apr 28 12:34:04 2023] [::1]:33728 Accepted
[Fri Apr 28 12:34:04 2023] [::1]:33730 Accepted
[Fri Apr 28 12:34:04 2023] [::1]:33732 Accepted
[Fri Apr 28 12:34:04 2023] [::1]:33748 Accepted
[Fri Apr 28 12:34:04 2023] [::1]:33728 [200]: GET /static/UI-new.css
[Fri Apr 28 12:34:04 2023] [::1]:33730 [200]: GET /src/UI.css
[Fri Apr 28 12:34:04 2023] [::1]:33732 [404]: GET /src/Custom_Tags.css - No such file or directory
[Fri Apr 28 12:34:04 2023] [::1]:33728 Closing
[Fri Apr 28 12:34:04 2023] [::1]:33732 Closing
[Fri Apr 28 12:34:04 2023] [::1]:33730 Closing
[Fri Apr 28 12:34:04 2023] [::1]:33748 [200]: GET /src/layouts.css
[Fri Apr 28 12:34:04 2023] [::1]:33748 Closing
[Fri Apr 28 12:34:04 2023] [::1]:33756 Accepted
[Fri Apr 28 12:34:04 2023] [::1]:33756 [404]: GET /favicon.ico - No such file or directory
[Fri Apr 28 12:34:04 2023] [::1]:33756 Closing
[Fri Apr 28 12:34:06 2023] [::1]:33768 Accepted
[Fri Apr 28 12:34:06 2023] [::1]:33768 [200]: GET /Math/Math-Menu.html
[Fri Apr 28 12:34:06 2023] [::1]:33768 Closing
[Fri Apr 28 12:34:06 2023] [::1]:33772 Accepted
[Fri Apr 28 12:34:06 2023] [::1]:33782 Accepted
[Fri Apr 28 12:34:06 2023] [::1]:33788 Accepted
[Fri Apr 28 12:34:06 2023] [::1]:33800 Accepted
[Fri Apr 28 12:34:06 2023] [::1]:33772 [200]: GET /Math/index.css
[Fri Apr 28 12:34:06 2023] [::1]:33782 [200]: GET /src/layouts.css
[Fri Apr 28 12:34:06 2023] [::1]:33788 [200]: GET /src/position-text.css
[Fri Apr 28 12:34:06 2023] [::1]:33772 Closing
[Fri Apr 28 12:34:06 2023] [::1]:33782 Closing
[Fri Apr 28 12:34:06 2023] [::1]:33788 Closing
[Fri Apr 28 12:34:06 2023] [::1]:33800 [200]: GET /static/UI-new.css
[Fri Apr 28 12:34:06 2023] [::1]:33800 Closing
[Fri Apr 28 12:34:08 2023] [::1]:33810 Accepted
[Fri Apr 28 12:34:08 2023] [::1]:33810 [200]: GET /Math/Numbers/Whole%20Numbers/index.html
[Fri Apr 28 12:34:08 2023] [::1]:33810 Closing
[Fri Apr 28 12:34:08 2023] [::1]:33824 Accepted
[Fri Apr 28 12:34:08 2023] [::1]:33830 Accepted
[Fri Apr 28 12:34:08 2023] [::1]:33836 Accepted
[Fri Apr 28 12:34:08 2023] [::1]:33842 Accepted
[Fri Apr 28 12:34:08 2023] [::1]:33848 Accepted
[Fri Apr 28 12:34:08 2023] [::1]:33864 Accepted
[Fri Apr 28 12:34:08 2023] [::1]:33824 [200]: GET /Math/Numbers/Whole%20Numbers/src/layouts.css
[Fri Apr 28 12:34:08 2023] [::1]:33830 [200]: GET /Math/Numbers/Whole%20Numbers/src/position-text.css
[Fri Apr 28 12:34:08 2023] [::1]:33836 [200]: GET /static/UI-new.css
[Fri Apr 28 12:34:08 2023] [::1]:33842 [200]: GET /Math/Numbers/Whole%20Numbers/index.css
[Fri Apr 28 12:34:08 2023] [::1]:33848 [404]: GET /Math/Numbers/Whole%20Numbers/bar.senal - No such file or directory
[Fri Apr 28 12:34:08 2023] [::1]:33824 Closing
[Fri Apr 28 12:34:08 2023] [::1]:33848 Closing
[Fri Apr 28 12:34:08 2023] [::1]:33830 Closing
[Fri Apr 28 12:34:08 2023] [::1]:33836 Closing
[Fri Apr 28 12:34:08 2023] [::1]:33842 Closing
[Fri Apr 28 12:34:08 2023] [::1]:33864 [200]: GET /Math/Numbers/Whole%20Numbers/background.css
[Fri Apr 28 12:34:08 2023] [::1]:33864 Closing
[Fri Apr 28 12:34:08 2023] [::1]:33880 Accepted
[Fri Apr 28 12:34:08 2023] [::1]:33880 [200]: GET /Math/Numbers/Whole%20Numbers/transition.css
[Fri Apr 28 12:34:08 2023] [::1]:33880 Closing
[Fri Apr 28 12:34:46 2023] [::1]:59986 Accepted
[Fri Apr 28 12:34:46 2023] [::1]:59986 [200]: GET /Math/Numbers/Whole%20Numbers/1.html
[Fri Apr 28 12:34:46 2023] [::1]:59986 Closing
[Fri Apr 28 12:34:46 2023] [::1]:60002 Accepted
[Fri Apr 28 12:34:46 2023] [::1]:60010 Accepted
[Fri Apr 28 12:34:46 2023] [::1]:60012 Accepted
[Fri Apr 28 12:34:46 2023] [::1]:60026 Accepted
[Fri Apr 28 12:34:46 2023] [::1]:60002 [200]: GET /Math/Numbers/Whole%20Numbers/src/layouts.css
[Fri Apr 28 12:34:46 2023] [::1]:60010 [200]: GET /Math/Numbers/Whole%20Numbers/src/position-text.css
[Fri Apr 28 12:34:46 2023] [::1]:60012 [200]: GET /Math/Numbers/Whole%20Numbers/index.css
[Fri Apr 28 12:34:46 2023] [::1]:60026 [200]: GET /static/UI-new.css
[Fri Apr 28 12:34:46 2023] [::1]:60002 Closing
[Fri Apr 28 12:34:46 2023] [::1]:60010 Closing
[Fri Apr 28 12:34:46 2023] [::1]:60012 Closing
[Fri Apr 28 12:34:46 2023] [::1]:60026 Closing
[Fri Apr 28 12:34:46 2023] [::1]:60032 Accepted
[Fri Apr 28 12:34:46 2023] [::1]:60044 Accepted
[Fri Apr 28 12:34:46 2023] [::1]:60032 [200]: GET /Math/Numbers/Whole%20Numbers/transition.css
[Fri Apr 28 12:34:46 2023] [::1]:60044 [200]: GET /Math/Numbers/Whole%20Numbers/background.css
[Fri Apr 28 12:34:46 2023] [::1]:60032 Closing
[Fri Apr 28 12:34:46 2023] [::1]:60044 Closing
[Fri Apr 28 12:34:48 2023] [::1]:60056 Accepted
[Fri Apr 28 12:34:48 2023] [::1]:60056 [200]: GET /Math/Numbers/Whole%20Numbers/index.html
[Fri Apr 28 12:34:48 2023] [::1]:60056 Closing
[Fri Apr 28 12:34:48 2023] [::1]:60070 Accepted
[Fri Apr 28 12:34:48 2023] [::1]:60072 Accepted
[Fri Apr 28 12:34:48 2023] [::1]:60080 Accepted
[Fri Apr 28 12:34:48 2023] [::1]:60082 Accepted
[Fri Apr 28 12:34:48 2023] [::1]:60096 Accepted
[Fri Apr 28 12:34:48 2023] [::1]:60104 Accepted
[Fri Apr 28 12:34:48 2023] [::1]:60070 [200]: GET /Math/Numbers/Whole%20Numbers/src/layouts.css
[Fri Apr 28 12:34:48 2023] [::1]:60072 [200]: GET /Math/Numbers/Whole%20Numbers/src/position-text.css
[Fri Apr 28 12:34:48 2023] [::1]:60080 [200]: GET /static/UI-new.css
[Fri Apr 28 12:34:48 2023] [::1]:60070 Closing
[Fri Apr 28 12:34:48 2023] [::1]:60072 Closing
[Fri Apr 28 12:34:48 2023] [::1]:60080 Closing
[Fri Apr 28 12:34:48 2023] [::1]:60082 [200]: GET /Math/Numbers/Whole%20Numbers/index.css
[Fri Apr 28 12:34:48 2023] [::1]:60096 [404]: GET /Math/Numbers/Whole%20Numbers/bar.senal - No such file or directory
[Fri Apr 28 12:34:48 2023] [::1]:60096 Closing
[Fri Apr 28 12:34:48 2023] [::1]:60104 [200]: GET /Math/Numbers/Whole%20Numbers/background.css
[Fri Apr 28 12:34:48 2023] [::1]:60082 Closing
[Fri Apr 28 12:34:48 2023] [::1]:60104 Closing
[Fri Apr 28 12:34:48 2023] [::1]:60112 Accepted
[Fri Apr 28 12:34:48 2023] [::1]:60112 [200]: GET /Math/Numbers/Whole%20Numbers/transition.css
[Fri Apr 28 12:34:48 2023] [::1]:60112 Closing
[Fri Apr 28 12:34:50 2023] [::1]:52034 Accepted
[Fri Apr 28 12:34:50 2023] [::1]:52034 [200]: GET /Math/Math-Menu.html
[Fri Apr 28 12:34:50 2023] [::1]:52034 Closing
[Fri Apr 28 12:34:50 2023] [::1]:52040 Accepted
[Fri Apr 28 12:34:50 2023] [::1]:52044 Accepted
[Fri Apr 28 12:34:50 2023] [::1]:52052 Accepted
[Fri Apr 28 12:34:50 2023] [::1]:52064 Accepted
[Fri Apr 28 12:34:50 2023] [::1]:52040 [200]: GET /Math/index.css
[Fri Apr 28 12:34:50 2023] [::1]:52044 [200]: GET /src/layouts.css
[Fri Apr 28 12:34:50 2023] [::1]:52052 [200]: GET /src/position-text.css
[Fri Apr 28 12:34:50 2023] [::1]:52040 Closing
[Fri Apr 28 12:34:50 2023] [::1]:52044 Closing
[Fri Apr 28 12:34:50 2023] [::1]:52052 Closing
[Fri Apr 28 12:34:50 2023] [::1]:52064 [200]: GET /static/UI-new.css
[Fri Apr 28 12:34:50 2023] [::1]:52064 Closing
[Fri Apr 28 12:34:56 2023] [::1]:52080 Accepted
[Fri Apr 28 12:34:56 2023] [::1]:52092 Accepted
[Fri Apr 28 12:34:56 2023] [::1]:52106 Accepted
[Fri Apr 28 12:34:56 2023] [::1]:52108 Accepted
[Fri Apr 28 12:34:56 2023] [::1]:52080 [200]: GET /Math/index.css
[Fri Apr 28 12:34:56 2023] [::1]:52080 Closing
[Fri Apr 28 12:34:56 2023] [::1]:52092 [200]: GET /src/layouts.css
[Fri Apr 28 12:34:56 2023] [::1]:52106 [200]: GET /src/position-text.css
[Fri Apr 28 12:34:56 2023] [::1]:52092 Closing
[Fri Apr 28 12:34:56 2023] [::1]:52106 Closing
[Fri Apr 28 12:34:56 2023] [::1]:52108 [200]: GET /static/UI-new.css
[Fri Apr 28 12:34:56 2023] [::1]:52108 Closing
[Fri Apr 28 12:35:58 2023] Failed to listen on localhost:4000 (reason: Address already in use)
[Fri Apr 28 12:35:58 2023] Failed to listen on localhost:4000 (reason: Address already in use)
[Fri Apr 28 12:36:00 2023] [::1]:57464 Accepted
[Fri Apr 28 12:36:00 2023] [::1]:57464 [200]: GET /Math/Math-Menu.html
[Fri Apr 28 12:36:00 2023] [::1]:57464 Closing
[Fri Apr 28 12:36:00 2023] [::1]:57478 Accepted
[Fri Apr 28 12:36:00 2023] [::1]:57488 Accepted
[Fri Apr 28 12:36:00 2023] [::1]:57496 Accepted
[Fri Apr 28 12:36:00 2023] [::1]:57502 Accepted
[Fri Apr 28 12:36:00 2023] [::1]:57478 [200]: GET /Math/index.css
[Fri Apr 28 12:36:00 2023] [::1]:57488 [200]: GET /src/layouts.css
[Fri Apr 28 12:36:00 2023] [::1]:57496 [200]: GET /src/position-text.css
[Fri Apr 28 12:36:00 2023] [::1]:57478 Closing
[Fri Apr 28 12:36:00 2023] [::1]:57488 Closing
[Fri Apr 28 12:36:00 2023] [::1]:57496 Closing
[Fri Apr 28 12:36:00 2023] [::1]:57502 [200]: GET /static/UI-new.css
[Fri Apr 28 12:36:00 2023] [::1]:57502 Closing
[Fri Apr 28 12:36:29 2023] Failed to listen on localhost:4000 (reason: Address already in use)
[Fri Apr 28 12:36:29 2023] Failed to listen on localhost:4000 (reason: Address already in use)
[Fri Apr 28 12:45:55 2023] Failed to listen on localhost:4000 (reason: Address already in use)
[Fri Apr 28 12:45:55 2023] Failed to listen on localhost:4000 (reason: Address already in use)
[Sun Apr 30 09:26:43 2023] PHP 8.2.5 Development Server (http://localhost:4000) started
[Sun Apr 30 09:26:43 2023] Failed to listen on localhost:4000 (reason: Address already in use)
[Sun Apr 30 09:35:10 2023] PHP 8.2.5 Development Server (http://localhost:4000) started
[Sun Apr 30 09:35:11 2023] Failed to listen on localhost:4000 (reason: Address already in use)
[Sun Apr 30 09:47:55 2023] Failed to listen on localhost:4000 (reason: Address already in use)
[Sun Apr 30 09:47:55 2023] Failed to listen on localhost:4000 (reason: Address already in use)
[Sun Apr 30 10:05:43 2023] Failed to listen on localhost:4000 (reason: Address already in use)
[Sun Apr 30 10:05:43 2023] Failed to listen on localhost:4000 (reason: Address already in use)
[Thu May  4 13:20:02 2023] PHP 8.2.5 Development Server (http://localhost:4000) started
[Thu May  4 13:20:02 2023] Failed to listen on localhost:4000 (reason: Address already in use)
[Mon May  8 09:26:51 2023] PHP 8.2.6RC1 Development Server (http://localhost:4000) started
[Mon May  8 09:26:51 2023] Failed to listen on localhost:4000 (reason: Address already in use)
[Mon May  8 10:28:36 2023] Failed to listen on localhost:4000 (reason: Address already in use)
[Mon May  8 10:28:56 2023] Failed to listen on localhost:4000 (reason: Address already in use)
[Mon May  8 10:28:57 2023] Failed to listen on localhost:4000 (reason: Address already in use)
[Mon May  8 10:33:03 2023] Failed to listen on localhost:4000 (reason: Address already in use)
[Mon May  8 10:33:03 2023] Failed to listen on localhost:4000 (reason: Address already in use)
[Mon May  8 10:58:09 2023] Failed to listen on localhost:4000 (reason: Address already in use)
[Mon May  8 10:58:09 2023] Failed to listen on localhost:4000 (reason: Address already in use)
[Mon May  8 15:24:50 2023] Failed to listen on localhost:4000 (reason: Address already in use)
[Mon May  8 15:24:50 2023] Failed to listen on localhost:4000 (reason: Address already in use)
[Tue May  9 09:37:43 2023] PHP 8.2.6RC1 Development Server (http://localhost:4000) started
[Tue May  9 09:37:43 2023] Failed to listen on localhost:4000 (reason: Address already in use)
[Tue May  9 09:37:52 2023] [::1]:49536 Accepted
[Tue May  9 09:37:52 2023] [::1]:49536 [200]: GET /Subjects.html
[Tue May  9 09:37:52 2023] [::1]:49536 Closing
[Tue May  9 09:37:52 2023] [::1]:49542 Accepted
[Tue May  9 09:37:52 2023] [::1]:49544 Accepted
[Tue May  9 09:37:52 2023] [::1]:49556 Accepted
[Tue May  9 09:37:52 2023] [::1]:49562 Accepted
[Tue May  9 09:37:52 2023] [::1]:49542 [200]: GET /static/UI-new.css
[Tue May  9 09:37:52 2023] [::1]:49544 [200]: GET /src/UI.css
[Tue May  9 09:37:52 2023] [::1]:49542 Closing
[Tue May  9 09:37:52 2023] [::1]:49544 Closing
[Tue May  9 09:37:52 2023] [::1]:49556 [404]: GET /src/Custom_Tags.css - No such file or directory
[Tue May  9 09:37:52 2023] [::1]:49556 Closing
[Tue May  9 09:37:52 2023] [::1]:49562 [200]: GET /src/layouts.css
[Tue May  9 09:37:52 2023] [::1]:49562 Closing
[Tue May  9 09:37:52 2023] [::1]:49568 Accepted
[Tue May  9 09:37:52 2023] [::1]:49568 [404]: GET /favicon.ico - No such file or directory
[Tue May  9 09:37:52 2023] [::1]:49568 Closing
[Tue May  9 09:37:53 2023] [::1]:49584 Accepted
[Tue May  9 09:37:53 2023] [::1]:49584 [200]: GET /Subjects.html
[Tue May  9 09:37:53 2023] [::1]:49584 Closing
[Tue May  9 09:37:53 2023] [::1]:49596 Accepted
[Tue May  9 09:37:53 2023] [::1]:49612 Accepted
[Tue May  9 09:37:53 2023] [::1]:49624 Accepted
[Tue May  9 09:37:53 2023] [::1]:49626 Accepted
[Tue May  9 09:37:53 2023] [::1]:49596 [200]: GET /static/UI-new.css
[Tue May  9 09:37:53 2023] [::1]:49612 [200]: GET /src/UI.css
[Tue May  9 09:37:53 2023] [::1]:49596 Closing
[Tue May  9 09:37:53 2023] [::1]:49612 Closing
[Tue May  9 09:37:53 2023] [::1]:49624 [404]: GET /src/Custom_Tags.css - No such file or directory
[Tue May  9 09:37:53 2023] [::1]:49624 Closing
[Tue May  9 09:37:53 2023] [::1]:49626 [200]: GET /src/layouts.css
[Tue May  9 09:37:53 2023] [::1]:49626 Closing
[Tue May  9 09:37:55 2023] [::1]:49630 Accepted
[Tue May  9 09:37:55 2023] [::1]:49630 [200]: GET /Math/Math-Menu.html
[Tue May  9 09:37:55 2023] [::1]:49630 Closing
[Tue May  9 09:37:55 2023] [::1]:49634 Accepted
[Tue May  9 09:37:55 2023] [::1]:49636 Accepted
[Tue May  9 09:37:55 2023] [::1]:49638 Accepted
[Tue May  9 09:37:55 2023] [::1]:49644 Accepted
[Tue May  9 09:37:55 2023] [::1]:49634 [200]: GET /Math/index.css
[Tue May  9 09:37:55 2023] [::1]:49636 [200]: GET /src/layouts.css
[Tue May  9 09:37:55 2023] [::1]:49638 [200]: GET /src/position-text.css
[Tue May  9 09:37:55 2023] [::1]:49634 Closing
[Tue May  9 09:37:55 2023] [::1]:49636 Closing
[Tue May  9 09:37:55 2023] [::1]:49638 Closing
[Tue May  9 09:37:55 2023] [::1]:49644 [200]: GET /static/UI-new.css
[Tue May  9 09:37:55 2023] [::1]:49644 Closing
[Tue May  9 09:37:56 2023] [::1]:49646 Accepted
[Tue May  9 09:37:56 2023] [::1]:49646 [200]: GET /Subjects.html
[Tue May  9 09:37:56 2023] [::1]:49646 Closing
[Tue May  9 09:37:56 2023] [::1]:49660 Accepted
[Tue May  9 09:37:56 2023] [::1]:49670 Accepted
[Tue May  9 09:37:56 2023] [::1]:49680 Accepted
[Tue May  9 09:37:56 2023] [::1]:49686 Accepted
[Tue May  9 09:37:56 2023] [::1]:49660 [200]: GET /static/UI-new.css
[Tue May  9 09:37:56 2023] [::1]:49670 [200]: GET /src/UI.css
[Tue May  9 09:37:56 2023] [::1]:49680 [404]: GET /src/Custom_Tags.css - No such file or directory
[Tue May  9 09:37:56 2023] [::1]:49660 Closing
[Tue May  9 09:37:56 2023] [::1]:49680 Closing
[Tue May  9 09:37:56 2023] [::1]:49670 Closing
[Tue May  9 09:37:56 2023] [::1]:49686 [200]: GET /src/layouts.css
[Tue May  9 09:37:56 2023] [::1]:49686 Closing
[Tue May  9 09:37:57 2023] [::1]:49688 Accepted
[Tue May  9 09:37:57 2023] [::1]:49688 [200]: GET /Math/Math-Menu.html
[Tue May  9 09:37:57 2023] [::1]:49688 Closing
[Tue May  9 09:37:57 2023] [::1]:49704 Accepted
[Tue May  9 09:37:57 2023] [::1]:49706 Accepted
[Tue May  9 09:37:57 2023] [::1]:49712 Accepted
[Tue May  9 09:37:57 2023] [::1]:49726 Accepted
[Tue May  9 09:37:57 2023] [::1]:49704 [200]: GET /Math/index.css
[Tue May  9 09:37:57 2023] [::1]:49706 [200]: GET /src/layouts.css
[Tue May  9 09:37:57 2023] [::1]:49712 [200]: GET /src/position-text.css
[Tue May  9 09:37:57 2023] [::1]:49704 Closing
[Tue May  9 09:37:57 2023] [::1]:49706 Closing
[Tue May  9 09:37:57 2023] [::1]:49712 Closing
[Tue May  9 09:37:57 2023] [::1]:49726 [200]: GET /static/UI-new.css
[Tue May  9 09:37:57 2023] [::1]:49726 Closing
[Tue May  9 09:37:59 2023] [::1]:49734 Accepted
[Tue May  9 09:37:59 2023] [::1]:49734 [200]: GET /Math/Numbers/Whole%20Numbers/index.html
[Tue May  9 09:37:59 2023] [::1]:49734 Closing
[Tue May  9 09:37:59 2023] [::1]:49742 Accepted
[Tue May  9 09:37:59 2023] [::1]:49758 Accepted
[Tue May  9 09:37:59 2023] [::1]:49770 Accepted
[Tue May  9 09:37:59 2023] [::1]:49778 Accepted
[Tue May  9 09:37:59 2023] [::1]:49780 Accepted
[Tue May  9 09:37:59 2023] [::1]:49790 Accepted
[Tue May  9 09:37:59 2023] [::1]:49742 [200]: GET /Math/Numbers/Whole%20Numbers/src/layouts.css
[Tue May  9 09:37:59 2023] [::1]:49758 [200]: GET /Math/Numbers/Whole%20Numbers/src/position-text.css
[Tue May  9 09:37:59 2023] [::1]:49742 Closing
[Tue May  9 09:37:59 2023] [::1]:49758 Closing
[Tue May  9 09:37:59 2023] [::1]:49770 [200]: GET /static/UI-new.css
[Tue May  9 09:37:59 2023] [::1]:49770 Closing
[Tue May  9 09:37:59 2023] [::1]:49778 [200]: GET /Math/Numbers/Whole%20Numbers/index.css
[Tue May  9 09:37:59 2023] [::1]:49778 Closing
[Tue May  9 09:37:59 2023] [::1]:49780 [404]: GET /Math/Numbers/Whole%20Numbers/bar.senal - No such file or directory
[Tue May  9 09:37:59 2023] [::1]:49780 Closing
[Tue May  9 09:37:59 2023] [::1]:49790 [200]: GET /Math/Numbers/Whole%20Numbers/background.css
[Tue May  9 09:37:59 2023] [::1]:49790 Closing
[Tue May  9 09:37:59 2023] [::1]:49794 Accepted
[Tue May  9 09:37:59 2023] [::1]:49794 [200]: GET /Math/Numbers/Whole%20Numbers/transition.css
[Tue May  9 09:37:59 2023] [::1]:49794 Closing
[Tue May  9 09:38:01 2023] [::1]:55736 Accepted
[Tue May  9 09:38:01 2023] [::1]:55736 [200]: GET /Math/Numbers/Whole%20Numbers/1.html
[Tue May  9 09:38:01 2023] [::1]:55736 Closing
[Tue May  9 09:38:01 2023] [::1]:55752 Accepted
[Tue May  9 09:38:01 2023] [::1]:55758 Accepted
[Tue May  9 09:38:01 2023] [::1]:55764 Accepted
[Tue May  9 09:38:01 2023] [::1]:55766 Accepted
[Tue May  9 09:38:01 2023] [::1]:55752 [200]: GET /Math/Numbers/Whole%20Numbers/src/layouts.css
[Tue May  9 09:38:01 2023] [::1]:55758 [200]: GET /Math/Numbers/Whole%20Numbers/src/position-text.css
[Tue May  9 09:38:01 2023] [::1]:55752 Closing
[Tue May  9 09:38:01 2023] [::1]:55758 Closing
[Tue May  9 09:38:01 2023] [::1]:55764 [200]: GET /Math/Numbers/Whole%20Numbers/index.css
[Tue May  9 09:38:01 2023] [::1]:55764 Closing
[Tue May  9 09:38:01 2023] [::1]:55766 [200]: GET /static/UI-new.css
[Tue May  9 09:38:01 2023] [::1]:55766 Closing
[Tue May  9 09:38:01 2023] [::1]:55774 Accepted
[Tue May  9 09:38:01 2023] [::1]:55788 Accepted
[Tue May  9 09:38:01 2023] [::1]:55774 [200]: GET /Math/Numbers/Whole%20Numbers/transition.css
[Tue May  9 09:38:01 2023] [::1]:55788 [200]: GET /Math/Numbers/Whole%20Numbers/background.css
[Tue May  9 09:38:01 2023] [::1]:55774 Closing
[Tue May  9 09:38:01 2023] [::1]:55788 Closing
[Tue May  9 09:38:05 2023] [::1]:55796 Accepted
[Tue May  9 09:38:05 2023] [::1]:55796 [200]: GET /Math/Numbers/Whole%20Numbers/index.html
[Tue May  9 09:38:05 2023] [::1]:55796 Closing
[Tue May  9 09:38:05 2023] [::1]:55800 Accepted
[Tue May  9 09:38:05 2023] [::1]:55806 Accepted
[Tue May  9 09:38:05 2023] [::1]:55808 Accepted
[Tue May  9 09:38:05 2023] [::1]:55818 Accepted
[Tue May  9 09:38:05 2023] [::1]:55824 Accepted
[Tue May  9 09:38:05 2023] [::1]:55836 Accepted
[Tue May  9 09:38:05 2023] [::1]:55800 [200]: GET /Math/Numbers/Whole%20Numbers/src/layouts.css
[Tue May  9 09:38:05 2023] [::1]:55806 [200]: GET /Math/Numbers/Whole%20Numbers/src/position-text.css
[Tue May  9 09:38:05 2023] [::1]:55808 [200]: GET /static/UI-new.css
[Tue May  9 09:38:05 2023] [::1]:55800 Closing
[Tue May  9 09:38:05 2023] [::1]:55806 Closing
[Tue May  9 09:38:05 2023] [::1]:55808 Closing
[Tue May  9 09:38:05 2023] [::1]:55818 [200]: GET /Math/Numbers/Whole%20Numbers/index.css
[Tue May  9 09:38:05 2023] [::1]:55824 [404]: GET /Math/Numbers/Whole%20Numbers/bar.senal - No such file or directory
[Tue May  9 09:38:05 2023] [::1]:55824 Closing
[Tue May  9 09:38:05 2023] [::1]:55836 [200]: GET /Math/Numbers/Whole%20Numbers/background.css
[Tue May  9 09:38:05 2023] [::1]:55818 Closing
[Tue May  9 09:38:05 2023] [::1]:55836 Closing
[Tue May  9 09:38:05 2023] [::1]:55844 Accepted
[Tue May  9 09:38:05 2023] [::1]:55844 [200]: GET /Math/Numbers/Whole%20Numbers/transition.css
[Tue May  9 09:38:05 2023] [::1]:55844 Closing
[Tue May  9 09:38:08 2023] [::1]:55860 Accepted
[Tue May  9 09:38:08 2023] [::1]:55860 [200]: GET /Math/Math-Menu.html
[Tue May  9 09:38:08 2023] [::1]:55860 Closing
[Tue May  9 09:38:08 2023] [::1]:55874 Accepted
[Tue May  9 09:38:08 2023] [::1]:55876 Accepted
[Tue May  9 09:38:08 2023] [::1]:55882 Accepted
[Tue May  9 09:38:08 2023] [::1]:55888 Accepted
[Tue May  9 09:38:08 2023] [::1]:55874 [200]: GET /Math/index.css
[Tue May  9 09:38:08 2023] [::1]:55876 [200]: GET /src/layouts.css
[Tue May  9 09:38:08 2023] [::1]:55882 [200]: GET /src/position-text.css
[Tue May  9 09:38:08 2023] [::1]:55874 Closing
[Tue May  9 09:38:08 2023] [::1]:55876 Closing
[Tue May  9 09:38:08 2023] [::1]:55882 Closing
[Tue May  9 09:38:08 2023] [::1]:55888 [200]: GET /static/UI-new.css
[Tue May  9 09:38:08 2023] [::1]:55888 Closing
[Tue May  9 09:38:13 2023] [::1]:51622 Accepted
[Tue May  9 09:38:13 2023] [::1]:51622 [200]: GET /Subjects.html
[Tue May  9 09:38:13 2023] [::1]:51622 Closing
[Tue May  9 09:38:13 2023] [::1]:51628 Accepted
[Tue May  9 09:38:13 2023] [::1]:51640 Accepted
[Tue May  9 09:38:13 2023] [::1]:51648 Accepted
[Tue May  9 09:38:13 2023] [::1]:51650 Accepted
[Tue May  9 09:38:13 2023] [::1]:51628 [200]: GET /static/UI-new.css
[Tue May  9 09:38:13 2023] [::1]:51640 [200]: GET /src/UI.css
[Tue May  9 09:38:13 2023] [::1]:51648 [404]: GET /src/Custom_Tags.css - No such file or directory
[Tue May  9 09:38:13 2023] [::1]:51628 Closing
[Tue May  9 09:38:13 2023] [::1]:51648 Closing
[Tue May  9 09:38:13 2023] [::1]:51640 Closing
[Tue May  9 09:38:13 2023] [::1]:51650 [200]: GET /src/layouts.css
[Tue May  9 09:38:13 2023] [::1]:51650 Closing
[Tue May  9 10:57:12 2023] PHP 8.2.6RC1 Development Server (http://localhost:4000) started
[Tue May  9 10:57:12 2023] Failed to listen on localhost:4000 (reason: Address already in use)
[Tue May  9 21:21:40 2023] PHP 8.2.6RC1 Development Server (http://localhost:4000) started
[Tue May  9 21:21:40 2023] Failed to listen on localhost:4000 (reason: Address already in use)
[Tue May  9 22:10:37 2023] PHP 8.2.6RC1 Development Server (http://localhost:4000) started
[Tue May  9 22:10:37 2023] Failed to listen on localhost:4000 (reason: Address already in use)
[Tue May  9 23:34:23 2023] PHP 8.2.6RC1 Development Server (http://localhost:4000) started
[Tue May  9 23:34:23 2023] Failed to listen on localhost:4000 (reason: Address already in use)
[Tue May  9 23:38:29 2023] PHP 8.2.6RC1 Development Server (http://localhost:4000) started
[Tue May  9 23:38:29 2023] Failed to listen on localhost:4000 (reason: Address already in use)
[Wed May 10 13:36:20 2023] PHP 8.2.6RC1 Development Server (http://localhost:4000) started
[Wed May 10 13:36:20 2023] Failed to listen on localhost:4000 (reason: Address already in use)
[Wed May 10 13:41:34 2023] PHP 8.2.6RC1 Development Server (http://localhost:4000) started
[Wed May 10 13:41:34 2023] Failed to listen on localhost:4000 (reason: Address already in use)
[Wed May 10 13:41:49 2023] PHP 8.2.6RC1 Development Server (http://localhost:4000) started
[Wed May 10 13:41:50 2023] Failed to listen on localhost:4000 (reason: Address already in use)
[Wed May 10 08:53:02 2023] PHP 8.1.18 Development Server (http://localhost:4000) started
[Wed May 10 08:53:02 2023] Failed to listen on localhost:4000 (reason: Address already in use)
[Wed May 10 16:28:56 2023] PHP 8.1.18 Development Server (http://localhost:4000) started
[Wed May 10 16:28:56 2023] Failed to listen on localhost:4000 (reason: Address already in use)
[Wed May 10 16:35:59 2023] Failed to listen on localhost:4000 (reason: Address already in use)
[Wed May 10 17:00:30 2023] Failed to listen on localhost:4000 (reason: Address already in use)
[Wed May 10 17:01:05 2023] Failed to listen on localhost:4000 (reason: Address already in use)
[Thu May 11 03:00:06 2023] PHP 8.1.18 Development Server (http://localhost:4000) started
[Thu May 11 03:00:06 2023] Failed to listen on localhost:4000 (reason: Address already in use)
[Thu May 11 05:16:27 2023] PHP 8.1.18 Development Server (http://localhost:4000) started
[Thu May 11 05:16:28 2023] Failed to listen on localhost:4000 (reason: Address already in use)
[Thu May 11 06:17:55 2023] PHP 8.1.18 Development Server (http://localhost:4000) started
[Thu May 11 06:17:55 2023] Failed to listen on localhost:4000 (reason: Address already in use)
[Thu May 11 07:18:41 2023] PHP 8.1.18 Development Server (http://localhost:4000) started
[Thu May 11 07:18:41 2023] Failed to listen on localhost:4000 (reason: Address already in use)
[Thu May 11 07:53:54 2023] PHP 8.1.18 Development Server (http://localhost:4000) started
[Thu May 11 07:53:54 2023] Failed to listen on localhost:4000 (reason: Address already in use)
[Thu May 11 08:05:54 2023] PHP 8.1.18 Development Server (http://localhost:4000) started
[Thu May 11 08:05:55 2023] Failed to listen on localhost:4000 (reason: Address already in use)
[Thu May 11 08:08:11 2023] PHP 8.1.18 Development Server (http://localhost:4000) started
[Thu May 11 08:08:11 2023] Failed to listen on localhost:4000 (reason: Address already in use)
[Thu May 11 08:43:40 2023] PHP 8.1.18 Development Server (http://localhost:4000) started
[Thu May 11 08:43:41 2023] Failed to listen on localhost:4000 (reason: Address already in use)
[Thu May 11 08:49:28 2023] PHP 8.1.18 Development Server (http://localhost:4000) started
[Thu May 11 08:49:28 2023] Failed to listen on localhost:4000 (reason: Address already in use)
[Thu May 11 09:00:39 2023] PHP 8.1.18 Development Server (http://localhost:4000) started
[Thu May 11 09:00:39 2023] Failed to listen on localhost:4000 (reason: Address already in use)
[Thu May 11 09:01:34 2023] PHP 8.1.18 Development Server (http://localhost:4000) started
[Thu May 11 09:01:34 2023] Failed to listen on localhost:4000 (reason: Address already in use)
[Thu May 11 09:52:29 2023] PHP 8.1.18 Development Server (http://localhost:4000) started
[Thu May 11 09:52:29 2023] Failed to listen on localhost:4000 (reason: Address already in use)
[Thu May 11 09:52:41 2023] PHP 8.1.18 Development Server (http://localhost:4000) started
[Thu May 11 09:52:41 2023] Failed to listen on localhost:4000 (reason: Address already in use)
[Thu May 11 09:53:04 2023] PHP 8.1.18 Development Server (http://localhost:4000) started
[Thu May 11 09:53:04 2023] Failed to listen on localhost:4000 (reason: Address already in use)
[Thu May 11 09:53:26 2023] PHP 8.1.18 Development Server (http://localhost:4000) started
[Thu May 11 09:53:26 2023] Failed to listen on localhost:4000 (reason: Address already in use)
[Thu May 11 09:53:40 2023] PHP 8.1.18 Development Server (http://localhost:4000) started
[Thu May 11 09:53:40 2023] Failed to listen on localhost:4000 (reason: Address already in use)
[Thu May 11 10:16:57 2023] PHP 8.1.18 Development Server (http://localhost:4000) started
[Thu May 11 10:16:57 2023] Failed to listen on localhost:4000 (reason: Address already in use)
[Thu May 11 10:17:06 2023] PHP 8.1.18 Development Server (http://localhost:4000) started
[Thu May 11 10:17:06 2023] Failed to listen on localhost:4000 (reason: Address already in use)
[Thu May 11 10:17:19 2023] PHP 8.1.18 Development Server (http://localhost:4000) started
[Thu May 11 10:17:19 2023] Failed to listen on localhost:4000 (reason: Address already in use)
[Thu May 11 10:17:31 2023] PHP 8.1.18 Development Server (http://localhost:4000) started
[Thu May 11 10:17:31 2023] Failed to listen on localhost:4000 (reason: Address already in use)
[Thu May 11 10:17:50 2023] PHP 8.1.18 Development Server (http://localhost:4000) started
[Thu May 11 10:17:51 2023] Failed to listen on localhost:4000 (reason: Address already in use)
[Thu May 11 10:18:54 2023] PHP 8.1.18 Development Server (http://localhost:4000) started
[Thu May 11 10:18:54 2023] Failed to listen on localhost:4000 (reason: Address already in use)
[Thu May 11 10:48:18 2023] PHP 8.1.18 Development Server (http://localhost:4000) started
[Thu May 11 10:48:18 2023] Failed to listen on localhost:4000 (reason: Address already in use)
[Fri May 12 03:33:25 2023] Failed to listen on localhost:4000 (reason: Address already in use)
[Fri May 12 03:33:25 2023] Failed to listen on localhost:4000 (reason: Address already in use)
[Fri May 12 04:40:17 2023] Failed to listen on localhost:4000 (reason: Address already in use)
[Fri May 12 04:40:17 2023] Failed to listen on localhost:4000 (reason: Address already in use)
[Fri May 12 06:49:01 2023] Failed to listen on localhost:4000 (reason: Address already in use)
[Fri May 12 06:49:01 2023] Failed to listen on localhost:4000 (reason: Address already in use)
[Fri May 12 06:50:17 2023] [::1]:56458 Accepted
[Fri May 12 06:50:17 2023] [::1]:56458 [200]: GET /Subjects.html
[Fri May 12 06:50:17 2023] [::1]:56458 Closing
[Fri May 12 06:50:17 2023] [::1]:56472 Accepted
[Fri May 12 06:50:17 2023] [::1]:56472 [200]: GET /static/UI-new.css
[Fri May 12 06:50:17 2023] [::1]:56478 Accepted
[Fri May 12 06:50:17 2023] [::1]:56472 Closing
[Fri May 12 06:50:17 2023] [::1]:56484 Accepted
[Fri May 12 06:50:17 2023] [::1]:56488 Accepted
[Fri May 12 06:50:17 2023] [::1]:56478 [200]: GET /src/UI.css
[Fri May 12 06:50:17 2023] [::1]:56502 Accepted
[Fri May 12 06:50:17 2023] [::1]:56484 [404]: GET /src/Custom_Tags.css - No such file or directory
[Fri May 12 06:50:17 2023] [::1]:56488 [200]: GET /src/layouts.css
[Fri May 12 06:50:17 2023] [::1]:56478 Closing
[Fri May 12 06:50:17 2023] [::1]:56502 [200]: GET /src/position-text.css
[Fri May 12 06:50:17 2023] [::1]:56484 Closing
[Fri May 12 06:50:17 2023] [::1]:56488 Closing
[Fri May 12 06:50:17 2023] [::1]:56502 Closing
[Fri May 12 06:50:17 2023] [::1]:56506 Accepted
[Fri May 12 06:50:17 2023] [::1]:56506 [404]: GET /src/Custom_Tags.css - No such file or directory
[Fri May 12 06:50:17 2023] [::1]:56506 Closing
[Fri May 12 06:50:17 2023] [::1]:56508 Accepted
[Fri May 12 06:50:17 2023] [::1]:56508 [404]: GET /favicon.ico - No such file or directory
[Fri May 12 06:50:17 2023] [::1]:56508 Closing
[Fri May 12 07:18:18 2023] Failed to listen on localhost:4000 (reason: Address already in use)
[Fri May 12 07:18:19 2023] Failed to listen on localhost:4000 (reason: Address already in use)
[Fri May 12 07:42:47 2023] Failed to listen on localhost:4000 (reason: Address already in use)
[Fri May 12 07:42:47 2023] Failed to listen on localhost:4000 (reason: Address already in use)
[Fri May 12 09:47:57 2023] Failed to listen on localhost:4000 (reason: Address already in use)
[Fri May 12 09:47:57 2023] Failed to listen on localhost:4000 (reason: Address already in use)
[Sat May 13 05:58:46 2023] Failed to listen on localhost:4000 (reason: Address already in use)
[Sat May 13 05:58:46 2023] Failed to listen on localhost:4000 (reason: Address already in use)
[Sat May 13 06:27:48 2023] Failed to listen on localhost:4000 (reason: Address already in use)
[Sat May 13 06:28:22 2023] Failed to listen on localhost:4000 (reason: Address already in use)
[Sat May 13 06:28:23 2023] Failed to listen on localhost:4000 (reason: Address already in use)
[Sat May 13 06:32:51 2023] Failed to listen on localhost:4000 (reason: Address already in use)
[Sat May 13 06:32:51 2023] Failed to listen on localhost:4000 (reason: Address already in use)
[Sat May 13 19:37:17 2023] Failed to listen on localhost:4000 (reason: Address already in use)
[Sat May 13 19:37:30 2023] Failed to listen on localhost:4000 (reason: Address already in use)
[Sat May 13 19:37:30 2023] Failed to listen on localhost:4000 (reason: Address already in use)
[Sat May 13 21:03:02 2023] Failed to listen on localhost:4000 (reason: Address already in use)
[Sat May 13 21:03:02 2023] Failed to listen on localhost:4000 (reason: Address already in use)
[Sun May 14 03:17:44 2023] Failed to listen on localhost:4000 (reason: Address already in use)
[Sun May 14 03:17:44 2023] Failed to listen on localhost:4000 (reason: Address already in use)
[Sun May 14 03:18:00 2023] Failed to listen on localhost:4000 (reason: Address already in use)
[Sun May 14 03:18:34 2023] Failed to listen on localhost:4000 (reason: Address already in use)
[Sun May 14 03:32:50 2023] Failed to listen on localhost:4000 (reason: Address already in use)
[Sun May 14 03:32:51 2023] Failed to listen on localhost:4000 (reason: Address already in use)
[Sun May 14 03:32:57 2023] Failed to listen on localhost:4000 (reason: Address already in use)
[Sun May 14 05:44:01 2023] Failed to listen on localhost:4000 (reason: Address already in use)
[Sun May 14 05:44:01 2023] Failed to listen on localhost:4000 (reason: Address already in use)
[Sun May 14 05:48:12 2023] Failed to listen on localhost:4000 (reason: Address already in use)
[Sun May 14 05:48:12 2023] Failed to listen on localhost:4000 (reason: Address already in use)
[Sun May 14 05:48:25 2023] Failed to listen on localhost:4000 (reason: Address already in use)
[Sun May 14 05:48:34 2023] Failed to listen on localhost:4000 (reason: Address already in use)
[Sat May 13 14:28:04 2023] [::1]:56786 Accepted
[Sat May 13 14:28:04 2023] [::1]:56786 [200]: GET /Subjects.html
[Sat May 13 14:28:04 2023] [::1]:56786 Closing
[Sat May 13 14:28:04 2023] [::1]:56796 Accepted
[Sat May 13 14:28:04 2023] [::1]:56804 Accepted
[Sat May 13 14:28:04 2023] [::1]:56796 [200]: GET /static/UI-new.css
[Sat May 13 14:28:04 2023] [::1]:56796 Closing
[Sat May 13 14:28:04 2023] [::1]:56804 [200]: GET /src/UI.css
[Sat May 13 14:28:04 2023] [::1]:56804 Closing
[Sat May 13 14:28:04 2023] [::1]:56816 Accepted
[Sat May 13 14:28:04 2023] [::1]:56830 Accepted
[Sat May 13 14:28:04 2023] [::1]:56832 Accepted
[Sat May 13 14:28:04 2023] [::1]:56832 [200]: GET /src/position-text.css
[Sat May 13 14:28:04 2023] [::1]:56830 [200]: GET /src/layouts.css
[Sat May 13 14:28:04 2023] [::1]:56816 [404]: GET /src/Custom_Tags.css - No such file or directory
[Sat May 13 14:28:04 2023] [::1]:56816 Closing
[Sat May 13 14:28:04 2023] [::1]:56832 Closing
[Sat May 13 14:28:04 2023] [::1]:56830 Closing
[Sat May 13 14:28:04 2023] [::1]:56838 Accepted
[Sat May 13 14:28:04 2023] [::1]:56838 [404]: GET /favicon.ico - No such file or directory
[Sat May 13 14:28:04 2023] [::1]:56838 Closing
[Sat May 13 14:28:08 2023] [::1]:56850 Accepted
[Sat May 13 14:28:08 2023] [::1]:56850 [200]: GET /Math/Math-Menu.html
[Sat May 13 14:28:08 2023] [::1]:56850 Closing
[Sat May 13 14:28:08 2023] [::1]:56860 Accepted
[Sat May 13 14:28:08 2023] [::1]:56876 Accepted
[Sat May 13 14:28:08 2023] [::1]:56860 [200]: GET /Math/index.css
[Sat May 13 14:28:08 2023] [::1]:56884 Accepted
[Sat May 13 14:28:08 2023] [::1]:56876 [200]: GET /src/layouts.css
[Sat May 13 14:28:08 2023] [::1]:56884 [200]: GET /src/position-text.css
[Sat May 13 14:28:08 2023] [::1]:56860 Closing
[Sat May 13 14:28:08 2023] [::1]:56876 Closing
[Sat May 13 14:28:08 2023] [::1]:56884 Closing
[Sat May 13 14:28:08 2023] [::1]:56900 Accepted
[Sat May 13 14:28:08 2023] [::1]:56900 [200]: GET /static/UI-new.css
[Sat May 13 14:28:08 2023] [::1]:56900 Closing
[Sat May 13 14:28:10 2023] [::1]:57726 Accepted
[Sat May 13 14:28:10 2023] [::1]:57726 [200]: GET /Math/Numbers/Whole%20Numbers/index.html
[Sat May 13 14:28:10 2023] [::1]:57726 Closing
[Sat May 13 14:28:10 2023] [::1]:57738 Accepted
[Sat May 13 14:28:10 2023] [::1]:57738 [200]: GET /Math/Numbers/Whole%20Numbers/src/layouts.css
[Sat May 13 14:28:10 2023] [::1]:57750 Accepted
[Sat May 13 14:28:10 2023] [::1]:57766 Accepted
[Sat May 13 14:28:10 2023] [::1]:57738 Closing
[Sat May 13 14:28:10 2023] [::1]:57750 [200]: GET /Math/Numbers/Whole%20Numbers/src/position-text.css
[Sat May 13 14:28:10 2023] [::1]:57770 Accepted
[Sat May 13 14:28:10 2023] [::1]:57772 Accepted
[Sat May 13 14:28:10 2023] [::1]:57778 Accepted
[Sat May 13 14:28:10 2023] [::1]:57750 Closing
[Sat May 13 14:28:10 2023] [::1]:57766 [200]: GET /static/UI-new.css
[Sat May 13 14:28:10 2023] [::1]:57770 [200]: GET /Math/Numbers/Whole%20Numbers/index.css
[Sat May 13 14:28:10 2023] [::1]:57766 Closing
[Sat May 13 14:28:10 2023] [::1]:57778 [200]: GET /Math/Numbers/Whole%20Numbers/background.css
[Sat May 13 14:28:10 2023] [::1]:57770 Closing
[Sat May 13 14:28:10 2023] [::1]:57772 [404]: GET /Math/Numbers/Whole%20Numbers/bar.senal - No such file or directory
[Sat May 13 14:28:10 2023] [::1]:57772 Closing
[Sat May 13 14:28:10 2023] [::1]:57778 Closing
[Sat May 13 14:28:10 2023] [::1]:57794 Accepted
[Sat May 13 14:28:10 2023] [::1]:57794 [200]: GET /Math/Numbers/Whole%20Numbers/transition.css
[Sat May 13 14:28:10 2023] [::1]:57794 Closing
[Sat May 13 14:28:13 2023] [::1]:57798 Accepted
[Sat May 13 14:28:13 2023] [::1]:57798 [200]: GET /Math/Numbers/Whole%20Numbers/1.html
[Sat May 13 14:28:13 2023] [::1]:57798 Closing
[Sat May 13 14:28:13 2023] [::1]:57800 Accepted
[Sat May 13 14:28:13 2023] [::1]:57800 [200]: GET /Math/Numbers/Whole%20Numbers/src/layouts.css
[Sat May 13 14:28:13 2023] [::1]:57800 Closing
[Sat May 13 14:28:13 2023] [::1]:57810 Accepted
[Sat May 13 14:28:13 2023] [::1]:57822 Accepted
[Sat May 13 14:28:13 2023] [::1]:57810 [200]: GET /Math/Numbers/Whole%20Numbers/src/position-text.css
[Sat May 13 14:28:13 2023] [::1]:57810 Closing
[Sat May 13 14:28:13 2023] [::1]:57822 [200]: GET /Math/Numbers/Whole%20Numbers/index.css
[Sat May 13 14:28:13 2023] [::1]:57822 Closing
[Sat May 13 14:28:13 2023] [::1]:57838 Accepted
[Sat May 13 14:28:13 2023] [::1]:57838 [200]: GET /static/UI-new.css
[Sat May 13 14:28:13 2023] [::1]:57838 Closing
[Sat May 13 14:28:13 2023] [::1]:57842 Accepted
[Sat May 13 14:28:13 2023] [::1]:57842 [200]: GET /Math/Numbers/Whole%20Numbers/transition.css
[Sat May 13 14:28:13 2023] [::1]:57848 Accepted
[Sat May 13 14:28:13 2023] [::1]:57842 Closing
[Sat May 13 14:28:13 2023] [::1]:57848 [200]: GET /Math/Numbers/Whole%20Numbers/background.css
[Sat May 13 14:28:13 2023] [::1]:57848 Closing
[Sat May 13 14:28:16 2023] [::1]:57850 Accepted
[Sat May 13 14:28:16 2023] [::1]:57850 [200]: GET /Math/Numbers/Whole%20Numbers/2.html
[Sat May 13 14:28:16 2023] [::1]:57850 Closing
[Sat May 13 14:28:16 2023] [::1]:57866 Accepted
[Sat May 13 14:28:16 2023] [::1]:57866 [200]: GET /Math/Numbers/Whole%20Numbers/src/layouts.css
[Sat May 13 14:28:16 2023] [::1]:57866 Closing
[Sat May 13 14:28:16 2023] [::1]:57872 Accepted
[Sat May 13 14:28:16 2023] [::1]:57872 [200]: GET /Math/Numbers/Whole%20Numbers/src/position-text.css
[Sat May 13 14:28:16 2023] [::1]:57872 Closing
[Sat May 13 14:28:16 2023] [::1]:57880 Accepted
[Sat May 13 14:28:16 2023] [::1]:57880 [200]: GET /Math/Numbers/Whole%20Numbers/src/UI.css
[Sat May 13 14:28:16 2023] [::1]:57880 Closing
[Sat May 13 14:28:16 2023] [::1]:57888 Accepted
[Sat May 13 14:28:16 2023] [::1]:57888 [200]: GET /Math/Numbers/Whole%20Numbers/index.css
[Sat May 13 14:28:16 2023] [::1]:57900 Accepted
[Sat May 13 14:28:16 2023] [::1]:57900 [200]: GET /static/UI-new.css
[Sat May 13 14:28:16 2023] [::1]:57888 Closing
[Sat May 13 14:28:16 2023] [::1]:57900 Closing
[Sat May 13 14:28:16 2023] [::1]:57908 Accepted
[Sat May 13 14:28:16 2023] [::1]:57908 [200]: GET /Math/Numbers/Whole%20Numbers/transition.css
[Sat May 13 14:28:16 2023] [::1]:57910 Accepted
[Sat May 13 14:28:16 2023] [::1]:57910 [200]: GET /Math/Numbers/Whole%20Numbers/background.css
[Sat May 13 14:28:16 2023] [::1]:57908 Closing
[Sat May 13 14:28:16 2023] [::1]:57910 Closing
[Sat May 13 14:28:25 2023] [::1]:33898 Accepted
[Sat May 13 14:28:25 2023] [::1]:33898 [200]: GET /Math/Numbers/Whole%20Numbers/3.html
[Sat May 13 14:28:25 2023] [::1]:33898 Closing
[Sat May 13 14:28:25 2023] [::1]:33902 Accepted
[Sat May 13 14:28:25 2023] [::1]:33902 [200]: GET /Math/Numbers/Whole%20Numbers/src/layouts.css
[Sat May 13 14:28:25 2023] [::1]:33914 Accepted
[Sat May 13 14:28:25 2023] [::1]:33902 Closing
[Sat May 13 14:28:25 2023] [::1]:33914 [200]: GET /Math/Numbers/Whole%20Numbers/src/position-text.css
[Sat May 13 14:28:25 2023] [::1]:33924 Accepted
[Sat May 13 14:28:25 2023] [::1]:33930 Accepted
[Sat May 13 14:28:25 2023] [::1]:33914 Closing
[Sat May 13 14:28:25 2023] [::1]:33936 Accepted
[Sat May 13 14:28:25 2023] [::1]:33924 [200]: GET /Math/Numbers/Whole%20Numbers/src/UI.css
[Sat May 13 14:28:25 2023] [::1]:33936 [200]: GET /static/UI-new.css
[Sat May 13 14:28:25 2023] [::1]:33930 [200]: GET /Math/Numbers/Whole%20Numbers/index.css
[Sat May 13 14:28:25 2023] [::1]:33924 Closing
[Sat May 13 14:28:25 2023] [::1]:33936 Closing
[Sat May 13 14:28:25 2023] [::1]:33930 Closing
[Sat May 13 14:28:25 2023] [::1]:33946 Accepted
[Sat May 13 14:28:25 2023] [::1]:33946 [200]: GET /Math/Numbers/Whole%20Numbers/transition.css
[Sat May 13 14:28:25 2023] [::1]:33950 Accepted
[Sat May 13 14:28:25 2023] [::1]:33946 Closing
[Sat May 13 14:28:25 2023] [::1]:33950 [200]: GET /Math/Numbers/Whole%20Numbers/background.css
[Sat May 13 14:28:25 2023] [::1]:33950 Closing
[Sat May 13 14:28:27 2023] [::1]:33956 Accepted
[Sat May 13 14:28:27 2023] [::1]:33956 [200]: GET /Math/Numbers/Whole%20Numbers/4.html
[Sat May 13 14:28:27 2023] [::1]:33956 Closing
[Sat May 13 14:28:27 2023] [::1]:33964 Accepted
[Sat May 13 14:28:27 2023] [::1]:33964 [200]: GET /Math/Numbers/Whole%20Numbers/src/layouts.css
[Sat May 13 14:28:27 2023] [::1]:33974 Accepted
[Sat May 13 14:28:27 2023] [::1]:33964 Closing
[Sat May 13 14:28:27 2023] [::1]:33974 [200]: GET /Math/Numbers/Whole%20Numbers/src/position-text.css
[Sat May 13 14:28:27 2023] [::1]:33974 Closing
[Sat May 13 14:28:27 2023] [::1]:33984 Accepted
[Sat May 13 14:28:27 2023] [::1]:34000 Accepted
[Sat May 13 14:28:27 2023] [::1]:34008 Accepted
[Sat May 13 14:28:27 2023] [::1]:34000 [200]: GET /Math/Numbers/Whole%20Numbers/index.css
[Sat May 13 14:28:27 2023] [::1]:33984 [200]: GET /Math/Numbers/Whole%20Numbers/src/UI.css
[Sat May 13 14:28:27 2023] [::1]:34014 Accepted
[Sat May 13 14:28:27 2023] [::1]:34000 Closing
[Sat May 13 14:28:27 2023] [::1]:33984 Closing
[Sat May 13 14:28:27 2023] [::1]:34008 [200]: GET /static/UI-new.css
[Sat May 13 14:28:27 2023] [::1]:34008 Closing
[Sat May 13 14:28:27 2023] [::1]:34014 [404]: GET /Math/Numbers/Whole%20Numbers/bar.senal - No such file or directory
[Sat May 13 14:28:27 2023] [::1]:34014 Closing
[Sat May 13 14:28:27 2023] [::1]:34016 Accepted
[Sat May 13 14:28:27 2023] [::1]:34016 [200]: GET /Math/Numbers/Whole%20Numbers/transition.css
[Sat May 13 14:28:27 2023] [::1]:34032 Accepted
[Sat May 13 14:28:27 2023] [::1]:34016 Closing
[Sat May 13 14:28:27 2023] [::1]:34032 [200]: GET /Math/Numbers/Whole%20Numbers/background.css
[Sat May 13 14:28:27 2023] [::1]:34032 Closing
[Sat May 13 14:28:38 2023] [::1]:49522 Accepted
[Sat May 13 14:28:38 2023] [::1]:49522 [200]: GET /Math/Numbers/Whole%20Numbers/index.html
[Sat May 13 14:28:38 2023] [::1]:49522 Closing
[Sat May 13 14:28:38 2023] [::1]:49530 Accepted
[Sat May 13 14:28:38 2023] [::1]:49530 [200]: GET /Math/Numbers/Whole%20Numbers/src/layouts.css
[Sat May 13 14:28:38 2023] [::1]:49530 Closing
[Sat May 13 14:28:38 2023] [::1]:49542 Accepted
[Sat May 13 14:28:38 2023] [::1]:49542 [200]: GET /Math/Numbers/Whole%20Numbers/src/position-text.css
[Sat May 13 14:28:38 2023] [::1]:49556 Accepted
[Sat May 13 14:28:38 2023] [::1]:49542 Closing
[Sat May 13 14:28:38 2023] [::1]:49564 Accepted
[Sat May 13 14:28:38 2023] [::1]:49580 Accepted
[Sat May 13 14:28:38 2023] [::1]:49586 Accepted
[Sat May 13 14:28:38 2023] [::1]:49556 [200]: GET /static/UI-new.css
[Sat May 13 14:28:38 2023] [::1]:49580 [404]: GET /Math/Numbers/Whole%20Numbers/bar.senal - No such file or directory
[Sat May 13 14:28:38 2023] [::1]:49564 [200]: GET /Math/Numbers/Whole%20Numbers/index.css
[Sat May 13 14:28:38 2023] [::1]:49580 Closing
[Sat May 13 14:28:38 2023] [::1]:49556 Closing
[Sat May 13 14:28:38 2023] [::1]:49586 [200]: GET /Math/Numbers/Whole%20Numbers/background.css
[Sat May 13 14:28:38 2023] [::1]:49564 Closing
[Sat May 13 14:28:38 2023] [::1]:49586 Closing
[Sat May 13 14:28:38 2023] [::1]:49592 Accepted
[Sat May 13 14:28:38 2023] [::1]:49592 [200]: GET /Math/Numbers/Whole%20Numbers/transition.css
[Sat May 13 14:28:38 2023] [::1]:49592 Closing
[Sat May 13 14:51:23 2023] [::1]:43056 Accepted
[Sat May 13 14:51:23 2023] [::1]:43056 [200]: GET /Math/Math-Menu.html
[Sat May 13 14:51:23 2023] [::1]:43056 Closing
[Sat May 13 14:51:23 2023] [::1]:43068 Accepted
[Sat May 13 14:51:23 2023] [::1]:43068 [200]: GET /Math/index.css
[Sat May 13 14:51:23 2023] [::1]:43078 Accepted
[Sat May 13 14:51:23 2023] [::1]:43068 Closing
[Sat May 13 14:51:23 2023] [::1]:43092 Accepted
[Sat May 13 14:51:23 2023] [::1]:43106 Accepted
[Sat May 13 14:51:23 2023] [::1]:43078 [200]: GET /src/layouts.css
[Sat May 13 14:51:23 2023] [::1]:43106 [200]: GET /static/UI-new.css
[Sat May 13 14:51:23 2023] [::1]:43092 [200]: GET /src/position-text.css
[Sat May 13 14:51:23 2023] [::1]:43078 Closing
[Sat May 13 14:51:23 2023] [::1]:43106 Closing
[Sat May 13 14:51:23 2023] [::1]:43092 Closing
[Sat May 13 14:51:24 2023] [::1]:43120 Accepted
[Sat May 13 14:51:24 2023] [::1]:43120 [200]: GET /Subjects.html
[Sat May 13 14:51:24 2023] [::1]:43120 Closing
[Sat May 13 14:51:24 2023] [::1]:43132 Accepted
[Sat May 13 14:51:24 2023] [::1]:43132 [200]: GET /static/UI-new.css
[Sat May 13 14:51:24 2023] [::1]:43132 Closing
[Sat May 13 14:51:24 2023] [::1]:43134 Accepted
[Sat May 13 14:51:24 2023] [::1]:43144 Accepted
[Sat May 13 14:51:24 2023] [::1]:43134 [200]: GET /src/UI.css
[Sat May 13 14:51:24 2023] [::1]:43156 Accepted
[Sat May 13 14:51:24 2023] [::1]:43134 Closing
[Sat May 13 14:51:24 2023] [::1]:43144 [404]: GET /src/Custom_Tags.css - No such file or directory
[Sat May 13 14:51:24 2023] [::1]:43144 Closing
[Sat May 13 14:51:24 2023] [::1]:43172 Accepted
[Sat May 13 14:51:24 2023] [::1]:43156 [200]: GET /src/layouts.css
[Sat May 13 14:51:24 2023] [::1]:43156 Closing
[Sat May 13 14:51:24 2023] [::1]:43172 [200]: GET /src/position-text.css
[Sat May 13 14:51:24 2023] [::1]:43172 Closing
[Sun May 14 19:11:38 2023] PHP 8.1.18 Development Server (http://localhost:4000) started
[Sun May 14 19:11:38 2023] Failed to listen on localhost:4000 (reason: Address already in use)
[Sun May 14 19:33:00 2023] PHP 8.1.18 Development Server (http://localhost:4000) started
[Sun May 14 19:33:01 2023] Failed to listen on localhost:4000 (reason: Address already in use)
[Sun May 14 20:07:00 2023] PHP 8.1.18 Development Server (http://localhost:4000) started
[Sun May 14 20:07:00 2023] Failed to listen on localhost:4000 (reason: Address already in use)
[Sun May 14 20:07:33 2023] PHP 8.1.18 Development Server (http://localhost:4000) started
[Sun May 14 20:07:33 2023] Failed to listen on localhost:4000 (reason: Address already in use)
[Sun May 14 20:09:28 2023] PHP 8.1.18 Development Server (http://localhost:4000) started
[Sun May 14 20:09:28 2023] Failed to listen on localhost:4000 (reason: Address already in use)
[Sun May 14 20:35:32 2023] Failed to listen on localhost:4000 (reason: Address already in use)
[Sun May 14 20:35:32 2023] Failed to listen on localhost:4000 (reason: Address already in use)
[Sun May 14 21:05:10 2023] Failed to listen on localhost:4000 (reason: Address already in use)
[Sun May 14 21:05:27 2023] Failed to listen on localhost:4000 (reason: Address already in use)
[Sun May 14 21:05:27 2023] Failed to listen on localhost:4000 (reason: Address already in use)
[Sun May 14 21:14:05 2023] Failed to listen on localhost:4000 (reason: Address already in use)
[Sun May 14 21:14:05 2023] Failed to listen on localhost:4000 (reason: Address already in use)
[Sun May 14 12:15:04 2023] PHP 8.1.18 Development Server (http://localhost:4000) started
[Sun May 14 12:15:04 2023] Failed to listen on localhost:4000 (reason: Address already in use)
[Sun May 14 13:01:51 2023] PHP 8.1.18 Development Server (http://localhost:4000) started
[Sun May 14 13:01:51 2023] Failed to listen on localhost:4000 (reason: Address already in use)
[Sun May 14 13:04:42 2023] PHP 8.1.18 Development Server (http://localhost:4000) started
[Sun May 14 13:04:43 2023] Failed to listen on localhost:4000 (reason: Address already in use)
[Sun May 14 13:05:51 2023] PHP 8.1.18 Development Server (http://localhost:4000) started
[Sun May 14 13:05:51 2023] Failed to listen on localhost:4000 (reason: Address already in use)
[Sun May 14 13:16:00 2023] PHP 8.1.18 Development Server (http://localhost:4000) started
[Sun May 14 13:16:00 2023] Failed to listen on localhost:4000 (reason: Address already in use)
[Sun May 14 13:28:07 2023] [::1]:49222 Accepted
[Sun May 14 13:28:07 2023] [::1]:49222 [404]: GET / - No such file or directory
[Sun May 14 13:28:07 2023] [::1]:49222 Closing
[Sun May 14 13:28:07 2023] [::1]:49232 Accepted
[Sun May 14 13:28:07 2023] [::1]:49232 [404]: GET /favicon.ico - No such file or directory
[Sun May 14 13:28:07 2023] [::1]:49232 Closing
[Sun May 14 14:08:54 2023] PHP 8.1.18 Development Server (http://localhost:4000) started
[Sun May 14 14:08:55 2023] Failed to listen on localhost:4000 (reason: Address already in use)
[Sun May 14 18:33:05 2023] Failed to listen on localhost:4000 (reason: Address already in use)
[Sun May 14 18:33:18 2023] Failed to listen on localhost:4000 (reason: Address already in use)
[Sun May 14 18:33:19 2023] Failed to listen on localhost:4000 (reason: Address already in use)
[Mon May 15 11:31:34 2023] PHP 8.1.18 Development Server (http://localhost:4000) started
[Mon May 15 11:31:34 2023] Failed to listen on localhost:4000 (reason: Address already in use)
[Mon May 15 11:55:24 2023] Failed to listen on localhost:4000 (reason: Address already in use)
[Tue May 16 00:06:16 2023] PHP 8.1.18 Development Server (http://localhost:4000) started
[Tue May 16 00:06:17 2023] Failed to listen on localhost:4000 (reason: Address already in use)
[Tue May 16 15:01:18 2023] PHP 8.1.18 Development Server (http://localhost:4000) started
[Tue May 16 15:01:18 2023] Failed to listen on localhost:4000 (reason: Address already in use)
