[Sun Apr 23 17:04:03 2023] PHP 8.2.5 Development Server (http://localhost:2000) started
[Sun Apr 23 17:04:03 2023] Failed to listen on localhost:2000 (reason: Address already in use)
[Wed Apr 26 18:32:38 2023] PHP 8.2.5 Development Server (http://localhost:2000) started
[Wed Apr 26 18:32:39 2023] Failed to listen on localhost:2000 (reason: Address already in use)
[Fri Apr 28 08:01:27 2023] PHP 8.2.5 Development Server (http://localhost:2000) started
[Fri Apr 28 08:01:27 2023] Failed to listen on localhost:2000 (reason: Address already in use)
[Fri Apr 28 08:05:05 2023] PHP 8.2.5 Development Server (http://localhost:2000) started
[Fri Apr 28 08:05:05 2023] Failed to listen on localhost:2000 (reason: Address already in use)
[Fri Apr 28 08:05:18 2023] PHP 8.2.5 Development Server (http://localhost:2000) started
[Fri Apr 28 08:05:18 2023] Failed to listen on localhost:2000 (reason: Address already in use)
[Fri Apr 28 08:05:32 2023] PHP 8.2.5 Development Server (http://localhost:2000) started
[Fri Apr 28 08:05:32 2023] Failed to listen on localhost:2000 (reason: Address already in use)
[Fri Apr 28 08:07:01 2023] PHP 8.2.5 Development Server (http://localhost:2000) started
[Fri Apr 28 08:07:01 2023] Failed to listen on localhost:2000 (reason: Address already in use)
[Fri Apr 28 08:07:26 2023] PHP 8.2.5 Development Server (http://localhost:2000) started
[Fri Apr 28 08:07:26 2023] Failed to listen on localhost:2000 (reason: Address already in use)
[Fri Apr 28 08:07:45 2023] PHP 8.2.5 Development Server (http://localhost:2000) started
[Fri Apr 28 08:07:45 2023] Failed to listen on localhost:2000 (reason: Address already in use)
[Fri Apr 28 08:07:59 2023] PHP 8.2.5 Development Server (http://localhost:2000) started
[Fri Apr 28 08:07:59 2023] Failed to listen on localhost:2000 (reason: Address already in use)
[Fri Apr 28 08:26:32 2023] [::1]:38862 Accepted
[Fri Apr 28 08:26:32 2023] [::1]:38862 [200]: GET /
[Fri Apr 28 08:26:32 2023] [::1]:38862 Closing
[Fri Apr 28 08:26:32 2023] [::1]:38870 Accepted
[Fri Apr 28 08:26:32 2023] [::1]:38872 Accepted
[Fri Apr 28 08:26:32 2023] [::1]:38888 Accepted
[Fri Apr 28 08:26:32 2023] [::1]:38896 Accepted
[Fri Apr 28 08:26:32 2023] [::1]:38898 Accepted
[Fri Apr 28 08:26:32 2023] [::1]:38904 Accepted
[Fri Apr 28 08:26:32 2023] [::1]:38870 [200]: GET /src/FOIL-UI.css
[Fri Apr 28 08:26:32 2023] [::1]:38872 [200]: GET /src/position-text.css
[Fri Apr 28 08:26:32 2023] [::1]:38888 [200]: GET /src/UI-new.css
[Fri Apr 28 08:26:32 2023] [::1]:38870 Closing
[Fri Apr 28 08:26:32 2023] [::1]:38896 [200]: GET /src/FOIL-Bar.css
[Fri Apr 28 08:26:32 2023] [::1]:38898 [200]: GET /src/FOIL-time.js
[Fri Apr 28 08:26:32 2023] [::1]:38904 [200]: GET /src/hardware-control.js
[Fri Apr 28 08:26:32 2023] [::1]:38872 Closing
[Fri Apr 28 08:26:32 2023] [::1]:38888 Closing
[Fri Apr 28 08:26:32 2023] [::1]:38896 Closing
[Fri Apr 28 08:26:32 2023] [::1]:38898 Closing
[Fri Apr 28 08:26:32 2023] [::1]:38904 Closing
[Fri Apr 28 08:26:32 2023] [::1]:38906 Accepted
[Fri Apr 28 08:26:32 2023] [::1]:38906 [200]: GET /src/package-management.js
[Fri Apr 28 08:26:32 2023] [::1]:38906 Closing
[Fri Apr 28 08:26:32 2023] [::1]:38912 Accepted
[Fri Apr 28 08:26:32 2023] [::1]:38912 [404]: GET /src/background.css - No such file or directory
[Fri Apr 28 08:26:32 2023] [::1]:38912 Closing
[Fri Apr 28 08:26:32 2023] [::1]:38918 Accepted
[Fri Apr 28 08:26:32 2023] [::1]:38920 Accepted
[Fri Apr 28 08:26:32 2023] [::1]:38926 Accepted
[Fri Apr 28 08:26:32 2023] [::1]:38918 [200]: POST /volume_rocker_up
[Fri Apr 28 08:26:32 2023] [::1]:38918 Closing
[Fri Apr 28 08:26:32 2023] [::1]:38936 Accepted
[Fri Apr 28 08:26:32 2023] [::1]:38952 Accepted
[Fri Apr 28 08:26:32 2023] [::1]:38920 [200]: POST /volume_rocker_down
[Fri Apr 28 08:26:32 2023] [::1]:38920 Closing
[Fri Apr 28 08:26:32 2023] [::1]:38936 [200]: POST /brightness_rocker_down
[Fri Apr 28 08:26:32 2023] [::1]:38936 Closing
[Fri Apr 28 08:26:32 2023] [::1]:38926 [200]: POST /brightness_rocker_up
[Fri Apr 28 08:26:32 2023] [::1]:38926 Closing
[Fri Apr 28 08:26:32 2023] [::1]:38952 [200]: POST /update_packages
[Fri Apr 28 08:26:32 2023] [::1]:38952 Closing
[Fri Apr 28 08:26:32 2023] [::1]:38966 Accepted
[Fri Apr 28 08:26:32 2023] [::1]:38966 [404]: GET /favicon.ico - No such file or directory
[Fri Apr 28 08:26:32 2023] [::1]:38966 Closing
[Fri Apr 28 08:27:50 2023] Failed to listen on localhost:2000 (reason: Address already in use)
[Fri Apr 28 08:28:15 2023] PHP 8.2.5 Development Server (http://localhost:2000) started
[Fri Apr 28 08:28:15 2023] Failed to listen on localhost:2000 (reason: Address already in use)
[Fri Apr 28 08:29:31 2023] Failed to listen on localhost:2000 (reason: Address already in use)
[Fri Apr 28 08:30:11 2023] Failed to listen on localhost:2000 (reason: Address already in use)
[Fri Apr 28 08:31:01 2023] Failed to listen on localhost:2000 (reason: Address already in use)
[Fri Apr 28 08:32:17 2023] Failed to listen on localhost:2000 (reason: Address already in use)
[Fri Apr 28 08:32:29 2023] Failed to listen on localhost:2000 (reason: Address already in use)
[Fri Apr 28 08:32:34 2023] Failed to listen on localhost:2000 (reason: Address already in use)
[Fri Apr 28 08:32:59 2023] [::1]:47722 Accepted
[Fri Apr 28 08:32:59 2023] [::1]:47722 [200]: GET /
[Fri Apr 28 08:32:59 2023] [::1]:47722 Closing
[Fri Apr 28 08:32:59 2023] [::1]:47724 Accepted
[Fri Apr 28 08:32:59 2023] [::1]:47736 Accepted
[Fri Apr 28 08:32:59 2023] [::1]:47744 Accepted
[Fri Apr 28 08:32:59 2023] [::1]:47748 Accepted
[Fri Apr 28 08:32:59 2023] [::1]:47752 Accepted
[Fri Apr 28 08:32:59 2023] [::1]:47764 Accepted
[Fri Apr 28 08:32:59 2023] [::1]:47724 [200]: GET /src/FOIL-UI.css
[Fri Apr 28 08:32:59 2023] [::1]:47736 [200]: GET /src/position-text.css
[Fri Apr 28 08:32:59 2023] [::1]:47724 Closing
[Fri Apr 28 08:32:59 2023] [::1]:47744 [200]: GET /src/UI-new.css
[Fri Apr 28 08:32:59 2023] [::1]:47736 Closing
[Fri Apr 28 08:32:59 2023] [::1]:47744 Closing
[Fri Apr 28 08:32:59 2023] [::1]:47748 [200]: GET /src/FOIL-Bar.css
[Fri Apr 28 08:32:59 2023] [::1]:47752 [200]: GET /src/FOIL-time.js
[Fri Apr 28 08:32:59 2023] [::1]:47748 Closing
[Fri Apr 28 08:32:59 2023] [::1]:47752 Closing
[Fri Apr 28 08:32:59 2023] [::1]:47764 [200]: GET /src/hardware-control.js
[Fri Apr 28 08:32:59 2023] [::1]:47764 Closing
[Fri Apr 28 08:32:59 2023] [::1]:47772 Accepted
[Fri Apr 28 08:32:59 2023] [::1]:47772 [200]: GET /src/package-management.js
[Fri Apr 28 08:32:59 2023] [::1]:47772 Closing
[Fri Apr 28 08:32:59 2023] [::1]:47788 Accepted
[Fri Apr 28 08:32:59 2023] [::1]:47788 [404]: GET /src/background.css - No such file or directory
[Fri Apr 28 08:32:59 2023] [::1]:47788 Closing
[Fri Apr 28 08:32:59 2023] [::1]:47804 Accepted
[Fri Apr 28 08:32:59 2023] [::1]:47814 Accepted
[Fri Apr 28 08:32:59 2023] [::1]:47824 Accepted
[Fri Apr 28 08:32:59 2023] [::1]:47832 Accepted
[Fri Apr 28 08:32:59 2023] [::1]:47804 [200]: POST /volume_rocker_up
[Fri Apr 28 08:32:59 2023] [::1]:47804 Closing
[Fri Apr 28 08:32:59 2023] [::1]:47814 [200]: POST /volume_rocker_down
[Fri Apr 28 08:32:59 2023] [::1]:47814 Closing
[Fri Apr 28 08:32:59 2023] [::1]:47824 [200]: POST /brightness_rocker_up
[Fri Apr 28 08:32:59 2023] [::1]:47824 Closing
[Fri Apr 28 08:32:59 2023] [::1]:47832 [200]: POST /brightness_rocker_down
[Fri Apr 28 08:32:59 2023] [::1]:47832 Closing
[Fri Apr 28 08:32:59 2023] [::1]:47840 Accepted
[Fri Apr 28 08:32:59 2023] [::1]:47840 [200]: POST /update_packages
[Fri Apr 28 08:32:59 2023] [::1]:47840 Closing
[Fri Apr 28 08:33:46 2023] Failed to listen on localhost:2000 (reason: Address already in use)
[Fri Apr 28 08:33:47 2023] Failed to listen on localhost:2000 (reason: Address already in use)
[Fri Apr 28 08:33:56 2023] PHP 8.2.5 Development Server (http://localhost:2000) started
[Fri Apr 28 08:33:56 2023] Failed to listen on localhost:2000 (reason: Address already in use)
[Fri Apr 28 08:35:15 2023] Failed to listen on localhost:2000 (reason: Address already in use)
[Fri Apr 28 08:35:26 2023] Failed to listen on localhost:2000 (reason: Address already in use)
[Fri Apr 28 08:35:45 2023] Failed to listen on localhost:2000 (reason: Address already in use)
[Fri Apr 28 08:42:38 2023] Failed to listen on localhost:2000 (reason: Address already in use)
[Fri Apr 28 08:42:49 2023] Failed to listen on localhost:2000 (reason: Address already in use)
[Fri Apr 28 08:43:00 2023] Failed to listen on localhost:2000 (reason: Address already in use)
[Fri Apr 28 08:43:00 2023] Failed to listen on localhost:2000 (reason: Address already in use)
[Fri Apr 28 08:50:58 2023] Failed to listen on localhost:2000 (reason: Address already in use)
[Fri Apr 28 08:51:53 2023] Failed to listen on localhost:2000 (reason: Address already in use)
[Fri Apr 28 08:51:54 2023] Failed to listen on localhost:2000 (reason: Address already in use)
[Fri Apr 28 08:51:57 2023] Failed to listen on localhost:2000 (reason: Address already in use)
[Fri Apr 28 08:52:22 2023] Failed to listen on localhost:2000 (reason: Address already in use)
[Fri Apr 28 08:52:23 2023] Failed to listen on localhost:2000 (reason: Address already in use)
[Fri Apr 28 08:52:29 2023] [::1]:34218 Accepted
[Fri Apr 28 08:52:29 2023] [::1]:34218 [200]: GET /
[Fri Apr 28 08:52:29 2023] [::1]:34218 Closing
[Fri Apr 28 08:52:29 2023] [::1]:34228 Accepted
[Fri Apr 28 08:52:29 2023] [::1]:34238 Accepted
[Fri Apr 28 08:52:29 2023] [::1]:34248 Accepted
[Fri Apr 28 08:52:29 2023] [::1]:34252 Accepted
[Fri Apr 28 08:52:29 2023] [::1]:34266 Accepted
[Fri Apr 28 08:52:29 2023] [::1]:34282 Accepted
[Fri Apr 28 08:52:29 2023] [::1]:34228 [200]: GET /src/FOIL-UI.css
[Fri Apr 28 08:52:29 2023] [::1]:34238 [200]: GET /src/position-text.css
[Fri Apr 28 08:52:29 2023] [::1]:34228 Closing
[Fri Apr 28 08:52:29 2023] [::1]:34238 Closing
[Fri Apr 28 08:52:29 2023] [::1]:34248 [200]: GET /src/UI-new.css
[Fri Apr 28 08:52:29 2023] [::1]:34248 Closing
[Fri Apr 28 08:52:29 2023] [::1]:34252 [200]: GET /src/FOIL-Bar.css
[Fri Apr 28 08:52:29 2023] [::1]:34266 [200]: GET /src/FOIL-time.js
[Fri Apr 28 08:52:29 2023] [::1]:34282 [200]: GET /src/hardware-control.js
[Fri Apr 28 08:52:29 2023] [::1]:34298 Accepted
[Fri Apr 28 08:52:29 2023] [::1]:34252 Closing
[Fri Apr 28 08:52:29 2023] [::1]:34266 Closing
[Fri Apr 28 08:52:29 2023] [::1]:34282 Closing
[Fri Apr 28 08:52:29 2023] [::1]:34298 [200]: GET /src/package-management.js
[Fri Apr 28 08:52:29 2023] [::1]:34298 Closing
[Fri Apr 28 08:52:29 2023] [::1]:34304 Accepted
[Fri Apr 28 08:52:29 2023] [::1]:34304 [404]: GET /src/background.css - No such file or directory
[Fri Apr 28 08:52:29 2023] [::1]:34304 Closing
[Fri Apr 28 08:52:29 2023] [::1]:34318 Accepted
[Fri Apr 28 08:52:29 2023] [::1]:34334 Accepted
[Fri Apr 28 08:52:29 2023] [::1]:34346 Accepted
[Fri Apr 28 08:52:29 2023] [::1]:34348 Accepted
[Fri Apr 28 08:52:29 2023] [::1]:34318 [200]: POST /volume_rocker_up
[Fri Apr 28 08:52:29 2023] [::1]:34318 Closing
[Fri Apr 28 08:52:29 2023] [::1]:34354 Accepted
[Fri Apr 28 08:52:29 2023] [::1]:34334 [200]: POST /volume_rocker_down
[Fri Apr 28 08:52:29 2023] [::1]:34334 Closing
[Fri Apr 28 08:52:29 2023] [::1]:34346 [200]: POST /brightness_rocker_up
[Fri Apr 28 08:52:29 2023] [::1]:34346 Closing
[Fri Apr 28 08:52:29 2023] [::1]:34348 [200]: POST /brightness_rocker_down
[Fri Apr 28 08:52:29 2023] [::1]:34348 Closing
[Fri Apr 28 08:52:29 2023] [::1]:34354 [200]: POST /update_packages
[Fri Apr 28 08:52:29 2023] [::1]:34354 Closing
[Fri Apr 28 08:52:34 2023] [::1]:34356 Accepted
[Fri Apr 28 08:52:34 2023] [::1]:34356 [200]: GET /
[Fri Apr 28 08:52:34 2023] [::1]:34356 Closing
[Fri Apr 28 08:52:34 2023] [::1]:34370 Accepted
[Fri Apr 28 08:52:34 2023] [::1]:34376 Accepted
[Fri Apr 28 08:52:34 2023] [::1]:34386 Accepted
[Fri Apr 28 08:52:34 2023] [::1]:34388 Accepted
[Fri Apr 28 08:52:34 2023] [::1]:34398 Accepted
[Fri Apr 28 08:52:34 2023] [::1]:34406 Accepted
[Fri Apr 28 08:52:34 2023] [::1]:34370 [200]: GET /src/FOIL-UI.css
[Fri Apr 28 08:52:34 2023] [::1]:34376 [200]: GET /src/position-text.css
[Fri Apr 28 08:52:34 2023] [::1]:34370 Closing
[Fri Apr 28 08:52:34 2023] [::1]:34386 [200]: GET /src/UI-new.css
[Fri Apr 28 08:52:34 2023] [::1]:34376 Closing
[Fri Apr 28 08:52:34 2023] [::1]:34386 Closing
[Fri Apr 28 08:52:34 2023] [::1]:34388 [200]: GET /src/FOIL-Bar.css
[Fri Apr 28 08:52:34 2023] [::1]:34388 Closing
[Fri Apr 28 08:52:34 2023] [::1]:34398 [200]: GET /src/FOIL-time.js
[Fri Apr 28 08:52:34 2023] [::1]:34406 [200]: GET /src/hardware-control.js
[Fri Apr 28 08:52:34 2023] [::1]:34398 Closing
[Fri Apr 28 08:52:34 2023] [::1]:34406 Closing
[Fri Apr 28 08:52:34 2023] [::1]:34422 Accepted
[Fri Apr 28 08:52:34 2023] [::1]:34422 [200]: GET /src/package-management.js
[Fri Apr 28 08:52:34 2023] [::1]:34422 Closing
[Fri Apr 28 08:52:34 2023] [::1]:34428 Accepted
[Fri Apr 28 08:52:34 2023] [::1]:34428 [404]: GET /src/background.css - No such file or directory
[Fri Apr 28 08:52:34 2023] [::1]:34428 Closing
[Fri Apr 28 08:52:34 2023] [::1]:34432 Accepted
[Fri Apr 28 08:52:34 2023] [::1]:34438 Accepted
[Fri Apr 28 08:52:34 2023] [::1]:34444 Accepted
[Fri Apr 28 08:52:34 2023] [::1]:34460 Accepted
[Fri Apr 28 08:52:34 2023] [::1]:34474 Accepted
[Fri Apr 28 08:52:34 2023] [::1]:34432 [200]: POST /volume_rocker_up
[Fri Apr 28 08:52:34 2023] [::1]:34432 Closing
[Fri Apr 28 08:52:34 2023] [::1]:34438 [200]: POST /volume_rocker_down
[Fri Apr 28 08:52:34 2023] [::1]:34438 Closing
[Fri Apr 28 08:52:34 2023] [::1]:34444 [200]: POST /brightness_rocker_up
[Fri Apr 28 08:52:34 2023] [::1]:34444 Closing
[Fri Apr 28 08:52:34 2023] [::1]:34460 [200]: POST /brightness_rocker_down
[Fri Apr 28 08:52:34 2023] [::1]:34460 Closing
[Fri Apr 28 08:52:34 2023] [::1]:34474 [200]: POST /update_packages
[Fri Apr 28 08:52:34 2023] [::1]:34474 Closing
[Fri Apr 28 08:52:45 2023] [::1]:52002 Accepted
[Fri Apr 28 08:52:45 2023] [::1]:52002 [200]: GET /
[Fri Apr 28 08:52:45 2023] [::1]:52002 Closing
[Fri Apr 28 08:52:45 2023] [::1]:52016 Accepted
[Fri Apr 28 08:52:45 2023] [::1]:52022 Accepted
[Fri Apr 28 08:52:45 2023] [::1]:52030 Accepted
[Fri Apr 28 08:52:45 2023] [::1]:52040 Accepted
[Fri Apr 28 08:52:45 2023] [::1]:52050 Accepted
[Fri Apr 28 08:52:45 2023] [::1]:52058 Accepted
[Fri Apr 28 08:52:45 2023] [::1]:52016 [200]: GET /src/FOIL-UI.css
[Fri Apr 28 08:52:45 2023] [::1]:52022 [200]: GET /src/position-text.css
[Fri Apr 28 08:52:45 2023] [::1]:52030 [200]: GET /src/UI-new.css
[Fri Apr 28 08:52:45 2023] [::1]:52016 Closing
[Fri Apr 28 08:52:45 2023] [::1]:52022 Closing
[Fri Apr 28 08:52:45 2023] [::1]:52030 Closing
[Fri Apr 28 08:52:45 2023] [::1]:52040 [200]: GET /src/FOIL-Bar.css
[Fri Apr 28 08:52:45 2023] [::1]:52040 Closing
[Fri Apr 28 08:52:45 2023] [::1]:52050 [200]: GET /src/FOIL-time.js
[Fri Apr 28 08:52:45 2023] [::1]:52058 [200]: GET /src/hardware-control.js
[Fri Apr 28 08:52:45 2023] [::1]:52050 Closing
[Fri Apr 28 08:52:45 2023] [::1]:52058 Closing
[Fri Apr 28 08:52:45 2023] [::1]:52072 Accepted
[Fri Apr 28 08:52:45 2023] [::1]:52072 [200]: GET /src/package-management.js
[Fri Apr 28 08:52:45 2023] [::1]:52072 Closing
[Fri Apr 28 08:52:45 2023] [::1]:52078 Accepted
[Fri Apr 28 08:52:45 2023] [::1]:52078 [404]: GET /src/background.css - No such file or directory
[Fri Apr 28 08:52:45 2023] [::1]:52078 Closing
[Fri Apr 28 08:52:45 2023] [::1]:52094 Accepted
[Fri Apr 28 08:52:45 2023] [::1]:52098 Accepted
[Fri Apr 28 08:52:45 2023] [::1]:52100 Accepted
[Fri Apr 28 08:52:45 2023] [::1]:52094 [200]: POST /volume_rocker_up
[Fri Apr 28 08:52:45 2023] [::1]:52094 Closing
[Fri Apr 28 08:52:45 2023] [::1]:52104 Accepted
[Fri Apr 28 08:52:45 2023] [::1]:52116 Accepted
[Fri Apr 28 08:52:45 2023] [::1]:52098 [200]: POST /volume_rocker_down
[Fri Apr 28 08:52:45 2023] [::1]:52098 Closing
[Fri Apr 28 08:52:45 2023] [::1]:52100 [200]: POST /brightness_rocker_up
[Fri Apr 28 08:52:45 2023] [::1]:52100 Closing
[Fri Apr 28 08:52:45 2023] [::1]:52104 [200]: POST /brightness_rocker_down
[Fri Apr 28 08:52:45 2023] [::1]:52104 Closing
[Fri Apr 28 08:52:45 2023] [::1]:52116 [200]: POST /update_packages
[Fri Apr 28 08:52:45 2023] [::1]:52116 Closing
[Fri Apr 28 08:53:41 2023] Failed to listen on localhost:2000 (reason: Address already in use)
[Fri Apr 28 08:53:41 2023] Failed to listen on localhost:2000 (reason: Address already in use)
[Fri Apr 28 08:55:06 2023] Failed to listen on localhost:2000 (reason: Address already in use)
[Fri Apr 28 10:30:52 2023] Failed to listen on localhost:2000 (reason: Address already in use)
[Fri Apr 28 10:30:52 2023] Failed to listen on localhost:2000 (reason: Address already in use)
[Fri Apr 28 10:31:05 2023] Failed to listen on localhost:2000 (reason: Address already in use)
[Fri Apr 28 10:31:05 2023] Failed to listen on localhost:2000 (reason: Address already in use)
[Fri Apr 28 10:39:49 2023] Failed to listen on localhost:2000 (reason: Address already in use)
[Fri Apr 28 10:39:49 2023] Failed to listen on localhost:2000 (reason: Address already in use)
[Fri Apr 28 10:40:22 2023] Failed to listen on localhost:2000 (reason: Address already in use)
[Fri Apr 28 10:40:22 2023] Failed to listen on localhost:2000 (reason: Address already in use)
[Fri Apr 28 10:52:04 2023] Failed to listen on localhost:2000 (reason: Address already in use)
[Fri Apr 28 10:52:04 2023] Failed to listen on localhost:2000 (reason: Address already in use)
[Fri Apr 28 11:31:13 2023] Failed to listen on localhost:2000 (reason: Address already in use)
[Fri Apr 28 11:31:13 2023] Failed to listen on localhost:2000 (reason: Address already in use)
[Fri Apr 28 11:32:23 2023] Failed to listen on localhost:2000 (reason: Address already in use)
[Fri Apr 28 11:32:24 2023] Failed to listen on localhost:2000 (reason: Address already in use)
[Fri Apr 28 11:32:26 2023] Failed to listen on localhost:2000 (reason: Address already in use)
[Fri Apr 28 11:32:45 2023] Failed to listen on localhost:2000 (reason: Address already in use)
[Fri Apr 28 11:32:46 2023] Failed to listen on localhost:2000 (reason: Address already in use)
[Fri Apr 28 11:33:27 2023] Failed to listen on localhost:2000 (reason: Address already in use)
[Fri Apr 28 11:33:28 2023] Failed to listen on localhost:2000 (reason: Address already in use)
[Fri Apr 28 11:34:40 2023] Failed to listen on localhost:2000 (reason: Address already in use)
[Fri Apr 28 11:34:40 2023] Failed to listen on localhost:2000 (reason: Address already in use)
[Fri Apr 28 11:35:30 2023] Failed to listen on localhost:2000 (reason: Address already in use)
[Fri Apr 28 11:35:30 2023] Failed to listen on localhost:2000 (reason: Address already in use)
[Fri Apr 28 11:46:23 2023] Failed to listen on localhost:2000 (reason: Address already in use)
[Fri Apr 28 11:46:23 2023] Failed to listen on localhost:2000 (reason: Address already in use)
[Fri Apr 28 11:49:17 2023] Failed to listen on localhost:2000 (reason: Address already in use)
[Fri Apr 28 11:49:17 2023] Failed to listen on localhost:2000 (reason: Address already in use)
[Fri Apr 28 12:11:07 2023] Failed to listen on localhost:2000 (reason: Address already in use)
[Fri Apr 28 12:11:07 2023] Failed to listen on localhost:2000 (reason: Address already in use)
[Fri Apr 28 12:26:27 2023] Failed to listen on localhost:2000 (reason: Address already in use)
[Fri Apr 28 12:26:27 2023] Failed to listen on localhost:2000 (reason: Address already in use)
[Fri Apr 28 12:32:36 2023] Failed to listen on localhost:2000 (reason: Address already in use)
[Fri Apr 28 12:32:37 2023] Failed to listen on localhost:2000 (reason: Address already in use)
[Fri Apr 28 12:33:08 2023] Failed to listen on localhost:2000 (reason: Address already in use)
[Fri Apr 28 12:33:08 2023] Failed to listen on localhost:2000 (reason: Address already in use)
[Fri Apr 28 12:33:27 2023] Failed to listen on localhost:2000 (reason: Address already in use)
[Fri Apr 28 12:33:27 2023] Failed to listen on localhost:2000 (reason: Address already in use)
[Fri Apr 28 12:35:58 2023] Failed to listen on localhost:2000 (reason: Address already in use)
[Fri Apr 28 12:35:58 2023] Failed to listen on localhost:2000 (reason: Address already in use)
[Fri Apr 28 12:36:29 2023] Failed to listen on localhost:2000 (reason: Address already in use)
[Fri Apr 28 12:36:29 2023] Failed to listen on localhost:2000 (reason: Address already in use)
[Fri Apr 28 12:45:55 2023] Failed to listen on localhost:2000 (reason: Address already in use)
[Fri Apr 28 12:45:55 2023] Failed to listen on localhost:2000 (reason: Address already in use)
[Sun Apr 30 09:26:43 2023] PHP 8.2.5 Development Server (http://localhost:2000) started
[Sun Apr 30 09:26:43 2023] Failed to listen on localhost:2000 (reason: Address already in use)
[Sun Apr 30 09:35:10 2023] PHP 8.2.5 Development Server (http://localhost:2000) started
[Sun Apr 30 09:35:11 2023] Failed to listen on localhost:2000 (reason: Address already in use)
[Sun Apr 30 09:47:55 2023] Failed to listen on localhost:2000 (reason: Address already in use)
[Sun Apr 30 09:47:55 2023] Failed to listen on localhost:2000 (reason: Address already in use)
[Sun Apr 30 10:05:43 2023] Failed to listen on localhost:2000 (reason: Address already in use)
[Sun Apr 30 10:05:43 2023] Failed to listen on localhost:2000 (reason: Address already in use)
[Thu May  4 13:20:02 2023] PHP 8.2.5 Development Server (http://localhost:2000) started
[Thu May  4 13:20:02 2023] Failed to listen on localhost:2000 (reason: Address already in use)
[Mon May  8 09:26:51 2023] PHP 8.2.6RC1 Development Server (http://localhost:2000) started
[Mon May  8 09:26:51 2023] Failed to listen on localhost:2000 (reason: Address already in use)
[Mon May  8 10:28:36 2023] Failed to listen on localhost:2000 (reason: Address already in use)
[Mon May  8 10:28:56 2023] Failed to listen on localhost:2000 (reason: Address already in use)
[Mon May  8 10:28:57 2023] Failed to listen on localhost:2000 (reason: Address already in use)
[Mon May  8 10:33:03 2023] Failed to listen on localhost:2000 (reason: Address already in use)
[Mon May  8 10:33:03 2023] Failed to listen on localhost:2000 (reason: Address already in use)
[Mon May  8 10:58:09 2023] Failed to listen on localhost:2000 (reason: Address already in use)
[Mon May  8 10:58:09 2023] Failed to listen on localhost:2000 (reason: Address already in use)
[Mon May  8 15:24:50 2023] Failed to listen on localhost:2000 (reason: Address already in use)
[Mon May  8 15:24:50 2023] Failed to listen on localhost:2000 (reason: Address already in use)
[Tue May  9 09:37:43 2023] PHP 8.2.6RC1 Development Server (http://localhost:2000) started
[Tue May  9 09:37:43 2023] Failed to listen on localhost:2000 (reason: Address already in use)
[Tue May  9 10:57:12 2023] PHP 8.2.6RC1 Development Server (http://localhost:2000) started
[Tue May  9 10:57:12 2023] Failed to listen on localhost:2000 (reason: Address already in use)
[Tue May  9 21:21:40 2023] PHP 8.2.6RC1 Development Server (http://localhost:2000) started
[Tue May  9 21:21:40 2023] Failed to listen on localhost:2000 (reason: Address already in use)
[Tue May  9 22:10:37 2023] PHP 8.2.6RC1 Development Server (http://localhost:2000) started
[Tue May  9 22:10:37 2023] Failed to listen on localhost:2000 (reason: Address already in use)
[Tue May  9 23:34:23 2023] PHP 8.2.6RC1 Development Server (http://localhost:2000) started
[Tue May  9 23:34:23 2023] Failed to listen on localhost:2000 (reason: Address already in use)
[Tue May  9 23:38:29 2023] PHP 8.2.6RC1 Development Server (http://localhost:2000) started
[Tue May  9 23:38:29 2023] Failed to listen on localhost:2000 (reason: Address already in use)
[Wed May 10 13:36:20 2023] PHP 8.2.6RC1 Development Server (http://localhost:2000) started
[Wed May 10 13:36:20 2023] Failed to listen on localhost:2000 (reason: Address already in use)
[Wed May 10 13:41:34 2023] PHP 8.2.6RC1 Development Server (http://localhost:2000) started
[Wed May 10 13:41:34 2023] Failed to listen on localhost:2000 (reason: Address already in use)
[Wed May 10 13:41:49 2023] PHP 8.2.6RC1 Development Server (http://localhost:2000) started
[Wed May 10 13:41:50 2023] Failed to listen on localhost:2000 (reason: Address already in use)
[Wed May 10 08:53:02 2023] PHP 8.1.18 Development Server (http://localhost:2000) started
[Wed May 10 08:53:02 2023] Failed to listen on localhost:2000 (reason: Address already in use)
[Wed May 10 16:28:56 2023] PHP 8.1.18 Development Server (http://localhost:2000) started
[Wed May 10 16:28:56 2023] Failed to listen on localhost:2000 (reason: Address already in use)
[Wed May 10 16:35:59 2023] Failed to listen on localhost:2000 (reason: Address already in use)
[Wed May 10 17:00:30 2023] Failed to listen on localhost:2000 (reason: Address already in use)
[Wed May 10 17:01:05 2023] Failed to listen on localhost:2000 (reason: Address already in use)
[Thu May 11 03:00:06 2023] PHP 8.1.18 Development Server (http://localhost:2000) started
[Thu May 11 03:00:06 2023] Failed to listen on localhost:2000 (reason: Address already in use)
[Thu May 11 05:16:27 2023] PHP 8.1.18 Development Server (http://localhost:2000) started
[Thu May 11 05:16:28 2023] Failed to listen on localhost:2000 (reason: Address already in use)
[Thu May 11 06:17:55 2023] PHP 8.1.18 Development Server (http://localhost:2000) started
[Thu May 11 06:17:55 2023] Failed to listen on localhost:2000 (reason: Address already in use)
[Thu May 11 07:18:41 2023] PHP 8.1.18 Development Server (http://localhost:2000) started
[Thu May 11 07:18:41 2023] Failed to listen on localhost:2000 (reason: Address already in use)
[Thu May 11 07:53:54 2023] PHP 8.1.18 Development Server (http://localhost:2000) started
[Thu May 11 07:53:54 2023] Failed to listen on localhost:2000 (reason: Address already in use)
[Thu May 11 08:05:54 2023] PHP 8.1.18 Development Server (http://localhost:2000) started
[Thu May 11 08:05:55 2023] Failed to listen on localhost:2000 (reason: Address already in use)
[Thu May 11 08:08:11 2023] PHP 8.1.18 Development Server (http://localhost:2000) started
[Thu May 11 08:08:11 2023] Failed to listen on localhost:2000 (reason: Address already in use)
[Thu May 11 08:43:40 2023] PHP 8.1.18 Development Server (http://localhost:2000) started
[Thu May 11 08:43:41 2023] Failed to listen on localhost:2000 (reason: Address already in use)
[Thu May 11 08:49:28 2023] PHP 8.1.18 Development Server (http://localhost:2000) started
[Thu May 11 08:49:28 2023] Failed to listen on localhost:2000 (reason: Address already in use)
[Thu May 11 09:00:39 2023] PHP 8.1.18 Development Server (http://localhost:2000) started
[Thu May 11 09:00:39 2023] Failed to listen on localhost:2000 (reason: Address already in use)
[Thu May 11 09:01:34 2023] PHP 8.1.18 Development Server (http://localhost:2000) started
[Thu May 11 09:01:34 2023] Failed to listen on localhost:2000 (reason: Address already in use)
[Thu May 11 09:52:29 2023] PHP 8.1.18 Development Server (http://localhost:2000) started
[Thu May 11 09:52:29 2023] Failed to listen on localhost:2000 (reason: Address already in use)
[Thu May 11 09:52:41 2023] PHP 8.1.18 Development Server (http://localhost:2000) started
[Thu May 11 09:52:41 2023] Failed to listen on localhost:2000 (reason: Address already in use)
[Thu May 11 09:53:04 2023] PHP 8.1.18 Development Server (http://localhost:2000) started
[Thu May 11 09:53:04 2023] Failed to listen on localhost:2000 (reason: Address already in use)
[Thu May 11 09:53:26 2023] PHP 8.1.18 Development Server (http://localhost:2000) started
[Thu May 11 09:53:26 2023] Failed to listen on localhost:2000 (reason: Address already in use)
[Thu May 11 09:53:40 2023] PHP 8.1.18 Development Server (http://localhost:2000) started
[Thu May 11 09:53:40 2023] Failed to listen on localhost:2000 (reason: Address already in use)
[Thu May 11 10:16:57 2023] PHP 8.1.18 Development Server (http://localhost:2000) started
[Thu May 11 10:16:57 2023] Failed to listen on localhost:2000 (reason: Address already in use)
[Thu May 11 10:17:06 2023] PHP 8.1.18 Development Server (http://localhost:2000) started
[Thu May 11 10:17:06 2023] Failed to listen on localhost:2000 (reason: Address already in use)
[Thu May 11 10:17:19 2023] PHP 8.1.18 Development Server (http://localhost:2000) started
[Thu May 11 10:17:19 2023] Failed to listen on localhost:2000 (reason: Address already in use)
[Thu May 11 10:17:31 2023] PHP 8.1.18 Development Server (http://localhost:2000) started
[Thu May 11 10:17:31 2023] Failed to listen on localhost:2000 (reason: Address already in use)
[Thu May 11 10:17:50 2023] PHP 8.1.18 Development Server (http://localhost:2000) started
[Thu May 11 10:17:51 2023] Failed to listen on localhost:2000 (reason: Address already in use)
[Thu May 11 10:18:54 2023] PHP 8.1.18 Development Server (http://localhost:2000) started
[Thu May 11 10:18:54 2023] Failed to listen on localhost:2000 (reason: Address already in use)
[Thu May 11 10:48:18 2023] PHP 8.1.18 Development Server (http://localhost:2000) started
[Thu May 11 10:48:18 2023] Failed to listen on localhost:2000 (reason: Address already in use)
[Fri May 12 03:33:25 2023] Failed to listen on localhost:2000 (reason: Address already in use)
[Fri May 12 03:33:25 2023] Failed to listen on localhost:2000 (reason: Address already in use)
[Fri May 12 04:40:17 2023] Failed to listen on localhost:2000 (reason: Address already in use)
[Fri May 12 04:40:17 2023] Failed to listen on localhost:2000 (reason: Address already in use)
[Fri May 12 06:49:01 2023] Failed to listen on localhost:2000 (reason: Address already in use)
[Fri May 12 06:49:01 2023] Failed to listen on localhost:2000 (reason: Address already in use)
[Fri May 12 07:18:18 2023] Failed to listen on localhost:2000 (reason: Address already in use)
[Fri May 12 07:18:19 2023] Failed to listen on localhost:2000 (reason: Address already in use)
[Fri May 12 07:42:47 2023] Failed to listen on localhost:2000 (reason: Address already in use)
[Fri May 12 07:42:47 2023] Failed to listen on localhost:2000 (reason: Address already in use)
[Fri May 12 09:47:57 2023] Failed to listen on localhost:2000 (reason: Address already in use)
[Fri May 12 09:47:57 2023] Failed to listen on localhost:2000 (reason: Address already in use)
[Sat May 13 05:58:46 2023] Failed to listen on localhost:2000 (reason: Address already in use)
[Sat May 13 05:58:46 2023] Failed to listen on localhost:2000 (reason: Address already in use)
[Sat May 13 06:27:48 2023] Failed to listen on localhost:2000 (reason: Address already in use)
[Sat May 13 06:28:22 2023] Failed to listen on localhost:2000 (reason: Address already in use)
[Sat May 13 06:28:23 2023] Failed to listen on localhost:2000 (reason: Address already in use)
[Sat May 13 06:32:51 2023] Failed to listen on localhost:2000 (reason: Address already in use)
[Sat May 13 06:32:51 2023] Failed to listen on localhost:2000 (reason: Address already in use)
[Sat May 13 19:37:17 2023] Failed to listen on localhost:2000 (reason: Address already in use)
[Sat May 13 19:37:30 2023] Failed to listen on localhost:2000 (reason: Address already in use)
[Sat May 13 19:37:30 2023] Failed to listen on localhost:2000 (reason: Address already in use)
[Sat May 13 21:03:02 2023] Failed to listen on localhost:2000 (reason: Address already in use)
[Sat May 13 21:03:02 2023] Failed to listen on localhost:2000 (reason: Address already in use)
[Sun May 14 03:17:44 2023] Failed to listen on localhost:2000 (reason: Address already in use)
[Sun May 14 03:17:44 2023] Failed to listen on localhost:2000 (reason: Address already in use)
[Sun May 14 03:18:00 2023] Failed to listen on localhost:2000 (reason: Address already in use)
[Sun May 14 03:18:34 2023] Failed to listen on localhost:2000 (reason: Address already in use)
[Sun May 14 03:32:50 2023] Failed to listen on localhost:2000 (reason: Address already in use)
[Sun May 14 03:32:51 2023] Failed to listen on localhost:2000 (reason: Address already in use)
[Sun May 14 03:32:57 2023] Failed to listen on localhost:2000 (reason: Address already in use)
[Sun May 14 05:44:01 2023] Failed to listen on localhost:2000 (reason: Address already in use)
[Sun May 14 05:44:01 2023] Failed to listen on localhost:2000 (reason: Address already in use)
[Sun May 14 05:48:12 2023] Failed to listen on localhost:2000 (reason: Address already in use)
[Sun May 14 05:48:12 2023] Failed to listen on localhost:2000 (reason: Address already in use)
[Sun May 14 05:48:25 2023] Failed to listen on localhost:2000 (reason: Address already in use)
[Sun May 14 05:48:34 2023] Failed to listen on localhost:2000 (reason: Address already in use)
[Sun May 14 19:11:38 2023] PHP 8.1.18 Development Server (http://localhost:2000) started
[Sun May 14 19:11:38 2023] Failed to listen on localhost:2000 (reason: Address already in use)
[Sun May 14 19:33:00 2023] PHP 8.1.18 Development Server (http://localhost:2000) started
[Sun May 14 19:33:01 2023] Failed to listen on localhost:2000 (reason: Address already in use)
[Sun May 14 20:07:00 2023] PHP 8.1.18 Development Server (http://localhost:2000) started
[Sun May 14 20:07:00 2023] Failed to listen on localhost:2000 (reason: Address already in use)
[Sun May 14 20:07:33 2023] PHP 8.1.18 Development Server (http://localhost:2000) started
[Sun May 14 20:07:33 2023] Failed to listen on localhost:2000 (reason: Address already in use)
[Sun May 14 20:09:28 2023] PHP 8.1.18 Development Server (http://localhost:2000) started
[Sun May 14 20:09:28 2023] Failed to listen on localhost:2000 (reason: Address already in use)
[Sun May 14 20:35:32 2023] Failed to listen on localhost:2000 (reason: Address already in use)
[Sun May 14 20:35:32 2023] Failed to listen on localhost:2000 (reason: Address already in use)
[Sun May 14 21:05:10 2023] Failed to listen on localhost:2000 (reason: Address already in use)
[Sun May 14 21:05:27 2023] Failed to listen on localhost:2000 (reason: Address already in use)
[Sun May 14 21:05:27 2023] Failed to listen on localhost:2000 (reason: Address already in use)
[Sun May 14 21:14:05 2023] Failed to listen on localhost:2000 (reason: Address already in use)
[Sun May 14 21:14:05 2023] Failed to listen on localhost:2000 (reason: Address already in use)
[Sun May 14 12:15:04 2023] PHP 8.1.18 Development Server (http://localhost:2000) started
[Sun May 14 12:15:04 2023] Failed to listen on localhost:2000 (reason: Address already in use)
[Sun May 14 13:01:51 2023] PHP 8.1.18 Development Server (http://localhost:2000) started
[Sun May 14 13:01:51 2023] Failed to listen on localhost:2000 (reason: Address already in use)
[Sun May 14 13:04:42 2023] PHP 8.1.18 Development Server (http://localhost:2000) started
[Sun May 14 13:04:43 2023] Failed to listen on localhost:2000 (reason: Address already in use)
[Sun May 14 13:05:51 2023] PHP 8.1.18 Development Server (http://localhost:2000) started
[Sun May 14 13:05:51 2023] Failed to listen on localhost:2000 (reason: Address already in use)
[Sun May 14 13:16:00 2023] PHP 8.1.18 Development Server (http://localhost:2000) started
[Sun May 14 13:16:00 2023] Failed to listen on localhost:2000 (reason: Address already in use)
[Sun May 14 14:08:54 2023] PHP 8.1.18 Development Server (http://localhost:2000) started
[Sun May 14 14:08:55 2023] Failed to listen on localhost:2000 (reason: Address already in use)
[Sun May 14 18:33:05 2023] Failed to listen on localhost:2000 (reason: Address already in use)
[Sun May 14 18:33:18 2023] Failed to listen on localhost:2000 (reason: Address already in use)
[Sun May 14 18:33:19 2023] Failed to listen on localhost:2000 (reason: Address already in use)
[Mon May 15 11:31:34 2023] PHP 8.1.18 Development Server (http://localhost:2000) started
[Mon May 15 11:31:34 2023] Failed to listen on localhost:2000 (reason: Address already in use)
[Mon May 15 11:55:24 2023] Failed to listen on localhost:2000 (reason: Address already in use)
[Tue May 16 00:06:16 2023] PHP 8.1.18 Development Server (http://localhost:2000) started
[Tue May 16 00:06:17 2023] Failed to listen on localhost:2000 (reason: Address already in use)
[Tue May 16 15:01:18 2023] PHP 8.1.18 Development Server (http://localhost:2000) started
[Tue May 16 15:01:18 2023] Failed to listen on localhost:2000 (reason: Address already in use)
[Mon Apr 15 10:33:22 2024] PHP 8.3.4 Development Server (http://localhost:2000) started
[Mon Apr 15 10:33:22 2024] Failed to listen on localhost:2000 (reason: Address already in use)
[Mon Apr 15 12:48:00 2024] Failed to listen on localhost:2000 (reason: Address already in use)
[Mon Apr 15 12:48:00 2024] Failed to listen on localhost:2000 (reason: Address already in use)
[Mon Apr 15 13:50:08 2024] Failed to listen on localhost:2000 (reason: Address already in use)
[Mon Apr 15 13:50:13 2024] Failed to listen on localhost:2000 (reason: Address already in use)
[Mon Apr 15 13:50:13 2024] Failed to listen on localhost:2000 (reason: Address already in use)
[Mon Apr 15 14:36:43 2024] Failed to listen on localhost:2000 (reason: Address already in use)
[Mon Apr 15 15:02:56 2024] Failed to listen on localhost:2000 (reason: Address already in use)
[Mon Apr 15 16:22:26 2024] Failed to listen on localhost:2000 (reason: Address already in use)
[Mon Apr 15 16:22:26 2024] Failed to listen on localhost:2000 (reason: Address already in use)
[Mon Apr 15 16:23:03 2024] Failed to listen on localhost:2000 (reason: Address already in use)
[Mon Apr 15 16:24:44 2024] Failed to listen on localhost:2000 (reason: Address already in use)
[Mon Apr 15 16:25:14 2024] Failed to listen on localhost:2000 (reason: Address already in use)
[Mon Apr 15 16:25:41 2024] Failed to listen on localhost:2000 (reason: Address already in use)
[Mon Apr 15 16:25:41 2024] Failed to listen on localhost:2000 (reason: Address already in use)
[Mon Apr 15 16:26:27 2024] Failed to listen on localhost:2000 (reason: Address already in use)
[Mon Apr 15 16:26:48 2024] Failed to listen on localhost:2000 (reason: Address already in use)
[Mon Apr 15 16:26:57 2024] Failed to listen on localhost:2000 (reason: Address already in use)
[Mon Apr 15 16:27:06 2024] Failed to listen on localhost:2000 (reason: Address already in use)
[Mon Apr 15 16:27:13 2024] Failed to listen on localhost:2000 (reason: Address already in use)
[Tue Apr 16 09:31:20 2024] Failed to listen on localhost:2000 (reason: Address already in use)
[Tue Apr 16 10:02:17 2024] Failed to listen on localhost:2000 (reason: Address already in use)
[Tue Apr 16 10:52:41 2024] Failed to listen on localhost:2000 (reason: Address already in use)
[Tue Apr 16 10:52:41 2024] Failed to listen on localhost:2000 (reason: Address already in use)
[Wed May  8 18:29:47 2024] PHP 8.3.6 Development Server (http://localhost:2000) started
[Wed May  8 18:29:47 2024] Failed to listen on localhost:2000 (reason: Address already in use)
[Wed May  8 19:08:43 2024] Failed to listen on localhost:2000 (reason: Address already in use)
[Wed May  8 19:08:45 2024] Failed to listen on localhost:2000 (reason: Address already in use)
[Wed May  8 19:17:54 2024] PHP 8.3.6 Development Server (http://localhost:2000) started
[Wed May  8 19:17:54 2024] Failed to listen on localhost:2000 (reason: Address already in use)
[Wed May  8 19:18:21 2024] Failed to listen on localhost:2000 (reason: Address already in use)
[Wed May  8 19:18:51 2024] Failed to listen on localhost:2000 (reason: Address already in use)
[Wed May  8 19:18:51 2024] Failed to listen on localhost:2000 (reason: Address already in use)
[Wed May  8 19:41:36 2024] Failed to listen on localhost:2000 (reason: Address already in use)
[Wed May  8 19:42:22 2024] Failed to listen on localhost:2000 (reason: Address already in use)
[Wed May  8 19:42:32 2024] Failed to listen on localhost:2000 (reason: Address already in use)
[Wed May  8 19:42:46 2024] Failed to listen on localhost:2000 (reason: Address already in use)
[Wed May  8 19:43:25 2024] Failed to listen on localhost:2000 (reason: Address already in use)
[Wed May  8 19:43:35 2024] Failed to listen on localhost:2000 (reason: Address already in use)
[Wed May  8 20:03:11 2024] Failed to listen on localhost:2000 (reason: Address already in use)
[Wed May  8 20:07:29 2024] Failed to listen on localhost:2000 (reason: Address already in use)
[Wed May  8 20:08:00 2024] Failed to listen on localhost:2000 (reason: Address already in use)
[Wed May  8 20:11:38 2024] Failed to listen on localhost:2000 (reason: Address already in use)
[Wed May  8 20:11:38 2024] Failed to listen on localhost:2000 (reason: Address already in use)
[Wed May  8 20:12:01 2024] Failed to listen on localhost:2000 (reason: Address already in use)
[Wed May  8 20:18:39 2024] Failed to listen on localhost:2000 (reason: Address already in use)
[Wed May  8 20:21:16 2024] Failed to listen on localhost:2000 (reason: Address already in use)
[Wed May  8 20:38:31 2024] Failed to listen on localhost:2000 (reason: Address already in use)
[Wed May  8 20:40:26 2024] Failed to listen on localhost:2000 (reason: Address already in use)
[Wed May  8 20:40:41 2024] Failed to listen on localhost:2000 (reason: Address already in use)
[Wed May  8 20:40:48 2024] Failed to listen on localhost:2000 (reason: Address already in use)
[Wed May  8 20:40:51 2024] Failed to listen on localhost:2000 (reason: Address already in use)
[Wed May  8 20:40:57 2024] Failed to listen on localhost:2000 (reason: Address already in use)
[Wed May  8 20:41:03 2024] Failed to listen on localhost:2000 (reason: Address already in use)
[Wed May  8 20:41:08 2024] Failed to listen on localhost:2000 (reason: Address already in use)
[Wed May  8 20:46:04 2024] Failed to listen on localhost:2000 (reason: Address already in use)
[Wed May  8 20:46:11 2024] Failed to listen on localhost:2000 (reason: Address already in use)
[Wed May  8 20:47:33 2024] Failed to listen on localhost:2000 (reason: Address already in use)
[Wed May  8 20:53:04 2024] Failed to listen on localhost:2000 (reason: Address already in use)
[Wed May  8 20:53:29 2024] Failed to listen on localhost:2000 (reason: Address already in use)
[Fri May 10 19:16:29 2024] PHP 8.3.6 Development Server (http://localhost:2000) started
[Fri May 10 19:16:29 2024] Failed to listen on localhost:2000 (reason: Address already in use)
[Fri May 10 19:17:12 2024] PHP 8.3.6 Development Server (http://localhost:2000) started
[Fri May 10 19:17:12 2024] Failed to listen on localhost:2000 (reason: Address already in use)
[Fri May 10 21:29:05 2024] PHP 8.3.6 Development Server (http://localhost:2000) started
[Fri May 10 21:29:05 2024] Failed to listen on localhost:2000 (reason: Address already in use)
[Fri May 10 21:51:43 2024] PHP 8.3.6 Development Server (http://localhost:2000) started
[Fri May 10 21:51:43 2024] Failed to listen on localhost:2000 (reason: Address already in use)
[Sat May 11 09:48:28 2024] PHP 8.3.6 Development Server (http://localhost:2000) started
[Sat May 11 09:48:28 2024] Failed to listen on localhost:2000 (reason: Address already in use)
[Sun May 12 13:11:58 2024] PHP 8.3.6 Development Server (http://localhost:2000) started
[Sun May 12 13:11:58 2024] Failed to listen on localhost:2000 (reason: Address already in use)
[Mon May 13 03:20:15 2024] PHP 8.3.7 Development Server (http://localhost:2000) started
[Mon May 13 03:20:15 2024] Failed to listen on localhost:2000 (reason: Address already in use)
[Mon May 13 03:22:29 2024] PHP 8.3.7 Development Server (http://localhost:2000) started
[Mon May 13 03:22:29 2024] Failed to listen on localhost:2000 (reason: Address already in use)
[Mon May 13 03:39:00 2024] PHP 8.3.7 Development Server (http://localhost:2000) started
[Mon May 13 03:39:00 2024] Failed to listen on localhost:2000 (reason: Address already in use)
